
/usr/local/lib/python3.6/dist-packages/setuptools/depends.py:2: DeprecationWarning: the imp module is deprecated in favour of importlib; see the module's documentation for alternative uses
  import imp
I1209 14:26:17.437685 119847 nccl_context.cc:74] init nccl context nranks: 2 local rank: 0 gpu id: 0 ring id: 0
W1209 14:26:18.168893 119847 device_context.cc:447] Please NOTE: device: 0, GPU Compute Capability: 7.5, Driver API Version: 11.0, Runtime API Version: 10.2
W1209 14:26:18.173377 119847 device_context.cc:465] device: 0, cuDNN Version: 7.6.
----- Imagenet2012 image train list len = 1281167
----- Imagenet2012 image val list len = 50000
Epoch [0/200], Step [100/2503], Loss: 1.2055, read_time: 0.0729, train_time: 0.2985, lr: 0.0003
Epoch [0/200], Step [200/2503], Loss: 1.2111, read_time: 0.0136, train_time: 0.2968, lr: 0.0003
Epoch [0/200], Step [300/2503], Loss: 1.2096, read_time: 0.0130, train_time: 0.2987, lr: 0.0003
Epoch [0/200], Step [400/2503], Loss: 1.2045, read_time: 0.0152, train_time: 0.2983, lr: 0.0003
Epoch [0/200], Step [500/2503], Loss: 1.2113, read_time: 0.0145, train_time: 0.2986, lr: 0.0003
Epoch [0/200], Step [600/2503], Loss: 1.2111, read_time: 2.0533, train_time: 0.3015, lr: 0.0003
Epoch [0/200], Step [700/2503], Loss: 1.2115, read_time: 2.0906, train_time: 0.3000, lr: 0.0003
Epoch [0/200], Step [800/2503], Loss: 1.2125, read_time: 1.2340, train_time: 0.2984, lr: 0.0003
Epoch [0/200], Step [900/2503], Loss: 1.2110, read_time: 1.2996, train_time: 0.2970, lr: 0.0003
Epoch [0/200], Step [1000/2503], Loss: 1.2122, read_time: 0.5347, train_time: 0.2956, lr: 0.0003
Epoch [0/200], Step [1100/2503], Loss: 1.2107, read_time: 0.4155, train_time: 0.2958, lr: 0.0003
Epoch [0/200], Step [1200/2503], Loss: 1.2108, read_time: 0.4571, train_time: 0.2960, lr: 0.0003
Epoch [0/200], Step [1300/2503], Loss: 1.2093, read_time: 0.4797, train_time: 0.2952, lr: 0.0003
Epoch [0/200], Step [1400/2503], Loss: 1.2093, read_time: 0.2218, train_time: 0.2951, lr: 0.0003
Epoch [0/200], Step [1500/2503], Loss: 1.2102, read_time: 0.1329, train_time: 0.2955, lr: 0.0003
Epoch [0/200], Step [1600/2503], Loss: 1.2120, read_time: 0.3544, train_time: 0.2955, lr: 0.0003
Epoch [0/200], Step [1700/2503], Loss: 1.2128, read_time: 0.6908, train_time: 0.2956, lr: 0.0003
Epoch [0/200], Step [1800/2503], Loss: 1.2134, read_time: 0.8661, train_time: 0.2959, lr: 0.0003
Epoch [0/200], Step [1900/2503], Loss: 1.2136, read_time: 1.3040, train_time: 0.2964, lr: 0.0003
Epoch [0/200], Step [2000/2503], Loss: 1.2137, read_time: 2.6328, train_time: 0.2958, lr: 0.0003
Epoch [0/200], Step [2100/2503], Loss: 1.2135, read_time: 2.0086, train_time: 0.2950, lr: 0.0003
Epoch [0/200], Step [2200/2503], Loss: 1.2146, read_time: 1.3498, train_time: 0.2960, lr: 0.0003
Epoch [0/200], Step [2300/2503], Loss: 1.2143, read_time: 1.9961, train_time: 0.2972, lr: 0.0003
Epoch [0/200], Step [2400/2503], Loss: 1.2140, read_time: 1.3226, train_time: 0.2979, lr: 0.0003
Epoch [0/200], Step [2500/2503], Loss: 1.2145, read_time: 0.6971, train_time: 0.2965, lr: 0.0003
Epoch [0/200], avg_Loss: 1.2144, avg_acc: 0.7078
Epoch [1/200], Step [100/2503], Loss: 1.1825, read_time: 0.8068, train_time: 0.3046, lr: 0.0003
Epoch [1/200], Step [200/2503], Loss: 1.1884, read_time: 0.6606, train_time: 0.2975, lr: 0.0003
Epoch [1/200], Step [300/2503], Loss: 1.1905, read_time: 0.3956, train_time: 0.2969, lr: 0.0003
Epoch [1/200], Step [400/2503], Loss: 1.1904, read_time: 0.6452, train_time: 0.2971, lr: 0.0003
Epoch [1/200], Step [500/2503], Loss: 1.1919, read_time: 0.8466, train_time: 0.2964, lr: 0.0003
Epoch [1/200], Step [600/2503], Loss: 1.1932, read_time: 0.8210, train_time: 0.2973, lr: 0.0003
Epoch [1/200], Step [700/2503], Loss: 1.1919, read_time: 1.4397, train_time: 0.2973, lr: 0.0003
Epoch [1/200], Step [800/2503], Loss: 1.1925, read_time: 0.8002, train_time: 0.2973, lr: 0.0003
Epoch [1/200], Step [900/2503], Loss: 1.1934, read_time: 0.5301, train_time: 0.2963, lr: 0.0003
Epoch [1/200], Step [1000/2503], Loss: 1.1945, read_time: 0.5284, train_time: 0.2957, lr: 0.0003
Epoch [1/200], Step [1100/2503], Loss: 1.1971, read_time: 0.3172, train_time: 0.2962, lr: 0.0003
Epoch [1/200], Step [1200/2503], Loss: 1.1996, read_time: 0.3122, train_time: 0.2961, lr: 0.0003
Epoch [1/200], Step [1300/2503], Loss: 1.2018, read_time: 1.0061, train_time: 0.2963, lr: 0.0003
/usr/local/lib/python3.6/dist-packages/PIL/TiffImagePlugin.py:792: UserWarning: Corrupt EXIF data.  Expecting to read 4 bytes but only got 0. 
  warnings.warn(str(msg))
Epoch [1/200], Step [1400/2503], Loss: 1.2024, read_time: 2.0403, train_time: 0.2956, lr: 0.0003
Epoch [1/200], Step [1500/2503], Loss: 1.2027, read_time: 1.7574, train_time: 0.2967, lr: 0.0003
Epoch [1/200], Step [1600/2503], Loss: 1.2038, read_time: 1.6458, train_time: 0.2957, lr: 0.0003
Epoch [1/200], Step [1700/2503], Loss: 1.2050, read_time: 2.1328, train_time: 0.2954, lr: 0.0003
Epoch [1/200], Step [1800/2503], Loss: 1.2062, read_time: 1.5060, train_time: 0.2947, lr: 0.0003
Epoch [1/200], Step [1900/2503], Loss: 1.2075, read_time: 1.5076, train_time: 0.2964, lr: 0.0003
Epoch [1/200], Step [2000/2503], Loss: 1.2083, read_time: 2.4609, train_time: 0.2950, lr: 0.0003
Epoch [1/200], Step [2100/2503], Loss: 1.2095, read_time: 2.1735, train_time: 0.2954, lr: 0.0003
Epoch [1/200], Step [2200/2503], Loss: 1.2105, read_time: 1.9451, train_time: 0.2953, lr: 0.0003
Epoch [1/200], Step [2300/2503], Loss: 1.2105, read_time: 2.8549, train_time: 0.2955, lr: 0.0003
Epoch [1/200], Step [2400/2503], Loss: 1.2117, read_time: 2.1100, train_time: 0.2946, lr: 0.0003
Epoch [1/200], Step [2500/2503], Loss: 1.2125, read_time: 2.9505, train_time: 0.2954, lr: 0.0003
Epoch [1/200], avg_Loss: 1.2125, avg_acc: 0.7078
Epoch [2/200], Step [100/2503], Loss: 1.1700, read_time: 2.1185, train_time: 0.3019, lr: 0.0003
Epoch [2/200], Step [200/2503], Loss: 1.1762, read_time: 0.9234, train_time: 0.2951, lr: 0.0003
Epoch [2/200], Step [300/2503], Loss: 1.1836, read_time: 0.4365, train_time: 0.2953, lr: 0.0003
Epoch [2/200], Step [400/2503], Loss: 1.1824, read_time: 0.9135, train_time: 0.2966, lr: 0.0003
Epoch [2/200], Step [500/2503], Loss: 1.1852, read_time: 0.1752, train_time: 0.2955, lr: 0.0003
Epoch [2/200], Step [600/2503], Loss: 1.1889, read_time: 0.5905, train_time: 0.2964, lr: 0.0003
Epoch [2/200], Step [700/2503], Loss: 1.1906, read_time: 0.5606, train_time: 0.2959, lr: 0.0003
Epoch [2/200], Step [800/2503], Loss: 1.1900, read_time: 1.3143, train_time: 0.2965, lr: 0.0003
Epoch [2/200], Step [900/2503], Loss: 1.1927, read_time: 1.1809, train_time: 0.2949, lr: 0.0003
Epoch [2/200], Step [1000/2503], Loss: 1.1934, read_time: 1.1146, train_time: 0.2955, lr: 0.0003
Epoch [2/200], Step [1100/2503], Loss: 1.1945, read_time: 1.0741, train_time: 0.2959, lr: 0.0003
Epoch [2/200], Step [1200/2503], Loss: 1.1957, read_time: 1.5297, train_time: 0.2957, lr: 0.0003
Epoch [2/200], Step [1300/2503], Loss: 1.1968, read_time: 1.4236, train_time: 0.2962, lr: 0.0003
Epoch [2/200], Step [1400/2503], Loss: 1.1981, read_time: 1.6142, train_time: 0.2955, lr: 0.0003
Epoch [2/200], Step [1500/2503], Loss: 1.1992, read_time: 0.8219, train_time: 0.2958, lr: 0.0003
Epoch [2/200], Step [1600/2503], Loss: 1.2009, read_time: 1.7051, train_time: 0.2959, lr: 0.0003
Epoch [2/200], Step [1700/2503], Loss: 1.2030, read_time: 1.8741, train_time: 0.2965, lr: 0.0003
Epoch [2/200], Step [1800/2503], Loss: 1.2034, read_time: 1.2498, train_time: 0.2966, lr: 0.0003
Epoch [2/200], Step [1900/2503], Loss: 1.2052, read_time: 1.8309, train_time: 0.2954, lr: 0.0003
Epoch [2/200], Step [2000/2503], Loss: 1.2065, read_time: 2.1980, train_time: 0.2954, lr: 0.0003
Epoch [2/200], Step [2100/2503], Loss: 1.2077, read_time: 1.1725, train_time: 0.2953, lr: 0.0003
Epoch [2/200], Step [2200/2503], Loss: 1.2084, read_time: 1.2733, train_time: 0.2963, lr: 0.0003
Epoch [2/200], Step [2300/2503], Loss: 1.2101, read_time: 1.6897, train_time: 0.2958, lr: 0.0003
Epoch [2/200], Step [2400/2503], Loss: 1.2111, read_time: 1.4514, train_time: 0.2954, lr: 0.0003
Epoch [2/200], Step [2500/2503], Loss: 1.2122, read_time: 2.9551, train_time: 0.2955, lr: 0.0003
Epoch [2/200], avg_Loss: 1.2124, avg_acc: 0.7081
Epoch [3/200], Step [100/2503], Loss: 1.1663, read_time: 0.8610, train_time: 0.3012, lr: 0.0003
Epoch [3/200], Step [200/2503], Loss: 1.1646, read_time: 0.5697, train_time: 0.2977, lr: 0.0003
Epoch [3/200], Step [300/2503], Loss: 1.1710, read_time: 0.5992, train_time: 0.2962, lr: 0.0003
Epoch [3/200], Step [400/2503], Loss: 1.1760, read_time: 0.2945, train_time: 0.2952, lr: 0.0003
Epoch [3/200], Step [500/2503], Loss: 1.1833, read_time: 0.2065, train_time: 0.2965, lr: 0.0003
Epoch [3/200], Step [600/2503], Loss: 1.1835, read_time: 0.2687, train_time: 0.2964, lr: 0.0003
Epoch [3/200], Step [700/2503], Loss: 1.1850, read_time: 0.0095, train_time: 0.2951, lr: 0.0003
Epoch [3/200], Step [800/2503], Loss: 1.1838, read_time: 0.0112, train_time: 0.2952, lr: 0.0003
Epoch [3/200], Step [900/2503], Loss: 1.1860, read_time: 0.0131, train_time: 0.2956, lr: 0.0003
Epoch [3/200], Step [1000/2503], Loss: 1.1888, read_time: 0.0089, train_time: 0.2950, lr: 0.0003
Epoch [3/200], Step [1100/2503], Loss: 1.1888, read_time: 0.0098, train_time: 0.2946, lr: 0.0003
Epoch [3/200], Step [1200/2503], Loss: 1.1897, read_time: 0.0101, train_time: 0.2963, lr: 0.0003
Epoch [3/200], Step [1300/2503], Loss: 1.1897, read_time: 0.0107, train_time: 0.2943, lr: 0.0003
Epoch [3/200], Step [1400/2503], Loss: 1.1913, read_time: 0.0103, train_time: 0.2945, lr: 0.0003
Epoch [3/200], Step [1500/2503], Loss: 1.1926, read_time: 0.0081, train_time: 0.2945, lr: 0.0003
Epoch [3/200], Step [1600/2503], Loss: 1.1934, read_time: 0.0097, train_time: 0.2943, lr: 0.0003
Epoch [3/200], Step [1700/2503], Loss: 1.1950, read_time: 0.0130, train_time: 0.2944, lr: 0.0003
Epoch [3/200], Step [1800/2503], Loss: 1.1967, read_time: 0.0092, train_time: 0.2939, lr: 0.0003
Epoch [3/200], Step [1900/2503], Loss: 1.1986, read_time: 0.0114, train_time: 0.2943, lr: 0.0003
Epoch [3/200], Step [2000/2503], Loss: 1.2004, read_time: 0.0088, train_time: 0.2938, lr: 0.0003
Epoch [3/200], Step [2100/2503], Loss: 1.2014, read_time: 0.0093, train_time: 0.2937, lr: 0.0003
Epoch [3/200], Step [2200/2503], Loss: 1.2028, read_time: 0.0094, train_time: 0.2940, lr: 0.0003
Epoch [3/200], Step [2300/2503], Loss: 1.2036, read_time: 0.0100, train_time: 0.2944, lr: 0.0003
Epoch [3/200], Step [2400/2503], Loss: 1.2041, read_time: 0.0111, train_time: 0.2943, lr: 0.0003
Epoch [3/200], Step [2500/2503], Loss: 1.2055, read_time: 0.0081, train_time: 0.2943, lr: 0.0003
Epoch [3/200], avg_Loss: 1.2055, avg_acc: 0.7100
Epoch [4/200], Step [100/2503], Loss: 1.1792, read_time: 0.5285, train_time: 0.3019, lr: 0.0003
Epoch [4/200], Step [200/2503], Loss: 1.1825, read_time: 0.0125, train_time: 0.2951, lr: 0.0003
Epoch [4/200], Step [300/2503], Loss: 1.1880, read_time: 0.0291, train_time: 0.2947, lr: 0.0003
Epoch [4/200], Step [400/2503], Loss: 1.1920, read_time: 0.0095, train_time: 0.2950, lr: 0.0003
Epoch [4/200], Step [500/2503], Loss: 1.1929, read_time: 0.0096, train_time: 0.2956, lr: 0.0003
Epoch [4/200], Step [600/2503], Loss: 1.1929, read_time: 0.0090, train_time: 0.2954, lr: 0.0003
Epoch [4/200], Step [700/2503], Loss: 1.1938, read_time: 0.0085, train_time: 0.2953, lr: 0.0003
Epoch [4/200], Step [800/2503], Loss: 1.1940, read_time: 0.0097, train_time: 0.2959, lr: 0.0003
Epoch [4/200], Step [900/2503], Loss: 1.1943, read_time: 0.0090, train_time: 0.2961, lr: 0.0003
Epoch [4/200], Step [1000/2503], Loss: 1.1981, read_time: 0.0093, train_time: 0.2953, lr: 0.0003
Epoch [4/200], Step [1100/2503], Loss: 1.2007, read_time: 0.0081, train_time: 0.2952, lr: 0.0003
Epoch [4/200], Step [1200/2503], Loss: 1.2004, read_time: 0.0091, train_time: 0.2951, lr: 0.0003
Epoch [4/200], Step [1300/2503], Loss: 1.1996, read_time: 0.0083, train_time: 0.2944, lr: 0.0003
Epoch [4/200], Step [1400/2503], Loss: 1.2012, read_time: 0.0094, train_time: 0.2945, lr: 0.0003
Epoch [4/200], Step [1500/2503], Loss: 1.2013, read_time: 0.0096, train_time: 0.2942, lr: 0.0003
Epoch [4/200], Step [1600/2503], Loss: 1.2027, read_time: 0.0101, train_time: 0.2946, lr: 0.0003
Epoch [4/200], Step [1700/2503], Loss: 1.2032, read_time: 0.0111, train_time: 0.2943, lr: 0.0003
Epoch [4/200], Step [1800/2503], Loss: 1.2041, read_time: 0.0123, train_time: 0.2943, lr: 0.0003
Epoch [4/200], Step [1900/2503], Loss: 1.2054, read_time: 0.0105, train_time: 0.2938, lr: 0.0003
Epoch [4/200], Step [2000/2503], Loss: 1.2070, read_time: 0.0106, train_time: 0.2943, lr: 0.0003
Epoch [4/200], Step [2100/2503], Loss: 1.2090, read_time: 0.0092, train_time: 0.2948, lr: 0.0003
Epoch [4/200], Step [2200/2503], Loss: 1.2099, read_time: 0.0088, train_time: 0.2942, lr: 0.0003
Epoch [4/200], Step [2300/2503], Loss: 1.2105, read_time: 0.0103, train_time: 0.2939, lr: 0.0003
Epoch [4/200], Step [2400/2503], Loss: 1.2111, read_time: 0.0118, train_time: 0.2946, lr: 0.0003
Epoch [4/200], Step [2500/2503], Loss: 1.2121, read_time: 0.0096, train_time: 0.2962, lr: 0.0003
Epoch [4/200], avg_Loss: 1.2119, avg_acc: 0.7084
Epoch [5/200], Step [100/2503], Loss: 1.1656, read_time: 0.2459, train_time: 0.3024, lr: 0.0003
Epoch [5/200], Step [200/2503], Loss: 1.1715, read_time: 0.0111, train_time: 0.2952, lr: 0.0003
Epoch [5/200], Step [300/2503], Loss: 1.1760, read_time: 0.0095, train_time: 0.2958, lr: 0.0003
Epoch [5/200], Step [400/2503], Loss: 1.1846, read_time: 0.0110, train_time: 0.2962, lr: 0.0003
Epoch [5/200], Step [500/2503], Loss: 1.1874, read_time: 0.0106, train_time: 0.2954, lr: 0.0003
Epoch [5/200], Step [600/2503], Loss: 1.1870, read_time: 0.0097, train_time: 0.2946, lr: 0.0003
Epoch [5/200], Step [700/2503], Loss: 1.1897, read_time: 0.0491, train_time: 0.2942, lr: 0.0003
Epoch [5/200], Step [800/2503], Loss: 1.1921, read_time: 0.0525, train_time: 0.2943, lr: 0.0003
Epoch [5/200], Step [900/2503], Loss: 1.1936, read_time: 0.0087, train_time: 0.2949, lr: 0.0003
Epoch [5/200], Step [1000/2503], Loss: 1.1943, read_time: 0.0118, train_time: 0.2948, lr: 0.0003
Epoch [5/200], Step [1100/2503], Loss: 1.1949, read_time: 0.0106, train_time: 0.2960, lr: 0.0003
Epoch [5/200], Step [1200/2503], Loss: 1.1948, read_time: 0.0113, train_time: 0.2961, lr: 0.0003
Epoch [5/200], Step [1300/2503], Loss: 1.1954, read_time: 0.0116, train_time: 0.2962, lr: 0.0003
Epoch [5/200], Step [1400/2503], Loss: 1.1968, read_time: 0.0116, train_time: 0.2948, lr: 0.0003
Epoch [5/200], Step [1500/2503], Loss: 1.1984, read_time: 0.0118, train_time: 0.2955, lr: 0.0003
/usr/local/lib/python3.6/dist-packages/PIL/TiffImagePlugin.py:792: UserWarning: Corrupt EXIF data.  Expecting to read 4 bytes but only got 0. 
  warnings.warn(str(msg))
Epoch [5/200], Step [1600/2503], Loss: 1.2000, read_time: 0.0106, train_time: 0.2956, lr: 0.0003
Epoch [5/200], Step [1700/2503], Loss: 1.2007, read_time: 0.0112, train_time: 0.2938, lr: 0.0003
Epoch [5/200], Step [1800/2503], Loss: 1.2028, read_time: 0.0124, train_time: 0.2942, lr: 0.0003
Epoch [5/200], Step [1900/2503], Loss: 1.2030, read_time: 0.0103, train_time: 0.2948, lr: 0.0003
Epoch [5/200], Step [2000/2503], Loss: 1.2042, read_time: 0.0106, train_time: 0.2951, lr: 0.0003
Epoch [5/200], Step [2100/2503], Loss: 1.2053, read_time: 0.0081, train_time: 0.2945, lr: 0.0003
Epoch [5/200], Step [2200/2503], Loss: 1.2066, read_time: 0.0096, train_time: 0.2951, lr: 0.0003
Epoch [5/200], Step [2300/2503], Loss: 1.2080, read_time: 0.0089, train_time: 0.2944, lr: 0.0003
Epoch [5/200], Step [2400/2503], Loss: 1.2093, read_time: 0.0100, train_time: 0.2941, lr: 0.0003
Epoch [5/200], Step [2500/2503], Loss: 1.2096, read_time: 0.0082, train_time: 0.2945, lr: 0.0003
Epoch [5/200], avg_Loss: 1.2096, avg_acc: 0.7087
Epoch [6/200], Step [100/2503], Loss: 1.1757, read_time: 0.4009, train_time: 0.3025, lr: 0.0003
Epoch [6/200], Step [200/2503], Loss: 1.1775, read_time: 0.5370, train_time: 0.2964, lr: 0.0003
Epoch [6/200], Step [300/2503], Loss: 1.1770, read_time: 0.3551, train_time: 0.2956, lr: 0.0003
Epoch [6/200], Step [400/2503], Loss: 1.1774, read_time: 0.1908, train_time: 0.2958, lr: 0.0003
Epoch [6/200], Step [500/2503], Loss: 1.1767, read_time: 0.1345, train_time: 0.2970, lr: 0.0003
Epoch [6/200], Step [600/2503], Loss: 1.1798, read_time: 0.1050, train_time: 0.2977, lr: 0.0003
Epoch [6/200], Step [700/2503], Loss: 1.1815, read_time: 0.0136, train_time: 0.2970, lr: 0.0003
Epoch [6/200], Step [800/2503], Loss: 1.1830, read_time: 0.0115, train_time: 0.2970, lr: 0.0003
Epoch [6/200], Step [900/2503], Loss: 1.1849, read_time: 0.0097, train_time: 0.2962, lr: 0.0003
Epoch [6/200], Step [1000/2503], Loss: 1.1850, read_time: 0.0121, train_time: 0.2952, lr: 0.0003
Epoch [6/200], Step [1100/2503], Loss: 1.1856, read_time: 0.0118, train_time: 0.2958, lr: 0.0003
Epoch [6/200], Step [1200/2503], Loss: 1.1863, read_time: 0.0125, train_time: 0.2950, lr: 0.0003
Epoch [6/200], Step [1300/2503], Loss: 1.1880, read_time: 0.0092, train_time: 0.2943, lr: 0.0003
Epoch [6/200], Step [1400/2503], Loss: 1.1894, read_time: 0.0096, train_time: 0.2938, lr: 0.0003
Epoch [6/200], Step [1500/2503], Loss: 1.1906, read_time: 0.0099, train_time: 0.2944, lr: 0.0003
Epoch [6/200], Step [1600/2503], Loss: 1.1923, read_time: 0.0114, train_time: 0.2941, lr: 0.0003
Epoch [6/200], Step [1700/2503], Loss: 1.1938, read_time: 0.0102, train_time: 0.2955, lr: 0.0003
Epoch [6/200], Step [1800/2503], Loss: 1.1954, read_time: 0.0108, train_time: 0.2946, lr: 0.0003
Epoch [6/200], Step [1900/2503], Loss: 1.1965, read_time: 0.0106, train_time: 0.2941, lr: 0.0003
Epoch [6/200], Step [2000/2503], Loss: 1.1981, read_time: 0.0113, train_time: 0.2950, lr: 0.0003
Epoch [6/200], Step [2100/2503], Loss: 1.1980, read_time: 0.0090, train_time: 0.2946, lr: 0.0003
Epoch [6/200], Step [2200/2503], Loss: 1.1987, read_time: 0.0101, train_time: 0.2947, lr: 0.0003
Epoch [6/200], Step [2300/2503], Loss: 1.2003, read_time: 0.0091, train_time: 0.2947, lr: 0.0003
Epoch [6/200], Step [2400/2503], Loss: 1.2018, read_time: 0.0107, train_time: 0.2965, lr: 0.0003
Epoch [6/200], Step [2500/2503], Loss: 1.2031, read_time: 0.0081, train_time: 0.2959, lr: 0.0003
Epoch [6/200], avg_Loss: 1.2032, avg_acc: 0.7106
Epoch [7/200], Step [100/2503], Loss: 1.1815, read_time: 0.3398, train_time: 0.3034, lr: 0.0003
Epoch [7/200], Step [200/2503], Loss: 1.1796, read_time: 0.1304, train_time: 0.2967, lr: 0.0003
Epoch [7/200], Step [300/2503], Loss: 1.1764, read_time: 0.0076, train_time: 0.2976, lr: 0.0003
Epoch [7/200], Step [400/2503], Loss: 1.1801, read_time: 0.0077, train_time: 0.2971, lr: 0.0003
Epoch [7/200], Step [500/2503], Loss: 1.1782, read_time: 0.0082, train_time: 0.2954, lr: 0.0003
Epoch [7/200], Step [600/2503], Loss: 1.1813, read_time: 0.0118, train_time: 0.2956, lr: 0.0003
Epoch [7/200], Step [700/2503], Loss: 1.1824, read_time: 0.0113, train_time: 0.2970, lr: 0.0003
Epoch [7/200], Step [800/2503], Loss: 1.1847, read_time: 0.0107, train_time: 0.2974, lr: 0.0003
Epoch [7/200], Step [900/2503], Loss: 1.1855, read_time: 0.0115, train_time: 0.2967, lr: 0.0003
Epoch [7/200], Step [1000/2503], Loss: 1.1854, read_time: 0.0102, train_time: 0.2963, lr: 0.0003
Epoch [7/200], Step [1100/2503], Loss: 1.1881, read_time: 0.0110, train_time: 0.2964, lr: 0.0003
Epoch [7/200], Step [1200/2503], Loss: 1.1874, read_time: 0.0105, train_time: 0.2955, lr: 0.0003
Epoch [7/200], Step [1300/2503], Loss: 1.1891, read_time: 0.0106, train_time: 0.2950, lr: 0.0003
Epoch [7/200], Step [1400/2503], Loss: 1.1906, read_time: 0.0113, train_time: 0.2948, lr: 0.0003
Epoch [7/200], Step [1500/2503], Loss: 1.1915, read_time: 0.0101, train_time: 0.2944, lr: 0.0003
Epoch [7/200], Step [1600/2503], Loss: 1.1937, read_time: 0.0098, train_time: 0.2944, lr: 0.0003
Epoch [7/200], Step [1700/2503], Loss: 1.1951, read_time: 0.0101, train_time: 0.2948, lr: 0.0003
Epoch [7/200], Step [1800/2503], Loss: 1.1963, read_time: 0.0107, train_time: 0.2945, lr: 0.0003
Epoch [7/200], Step [1900/2503], Loss: 1.1977, read_time: 0.0118, train_time: 0.2946, lr: 0.0003
Epoch [7/200], Step [2000/2503], Loss: 1.1995, read_time: 0.0121, train_time: 0.2936, lr: 0.0003
Epoch [7/200], Step [2100/2503], Loss: 1.2002, read_time: 0.0123, train_time: 0.2937, lr: 0.0003
Epoch [7/200], Step [2200/2503], Loss: 1.2013, read_time: 0.0134, train_time: 0.2937, lr: 0.0003
Epoch [7/200], Step [2300/2503], Loss: 1.2031, read_time: 0.0114, train_time: 0.2940, lr: 0.0003
Epoch [7/200], Step [2400/2503], Loss: 1.2036, read_time: 0.0116, train_time: 0.2935, lr: 0.0003
Epoch [7/200], Step [2500/2503], Loss: 1.2045, read_time: 0.0083, train_time: 0.2941, lr: 0.0003
Epoch [7/200], avg_Loss: 1.2045, avg_acc: 0.7104
Epoch [8/200], Step [100/2503], Loss: 1.1556, read_time: 0.8338, train_time: 0.3019, lr: 0.0003
Epoch [8/200], Step [200/2503], Loss: 1.1614, read_time: 0.1403, train_time: 0.2947, lr: 0.0003
Epoch [8/200], Step [300/2503], Loss: 1.1643, read_time: 0.0198, train_time: 0.2945, lr: 0.0003
Epoch [8/200], Step [400/2503], Loss: 1.1650, read_time: 0.0103, train_time: 0.2948, lr: 0.0003
Epoch [8/200], Step [500/2503], Loss: 1.1695, read_time: 0.0118, train_time: 0.2948, lr: 0.0003
Epoch [8/200], Step [600/2503], Loss: 1.1719, read_time: 0.0104, train_time: 0.2949, lr: 0.0003
Epoch [8/200], Step [700/2503], Loss: 1.1755, read_time: 0.0114, train_time: 0.2950, lr: 0.0003
Epoch [8/200], Step [800/2503], Loss: 1.1795, read_time: 0.0098, train_time: 0.2947, lr: 0.0003
Epoch [8/200], Step [900/2503], Loss: 1.1791, read_time: 0.0079, train_time: 0.2946, lr: 0.0003
Epoch [8/200], Step [1000/2503], Loss: 1.1829, read_time: 0.0090, train_time: 0.2950, lr: 0.0003
Epoch [8/200], Step [1100/2503], Loss: 1.1834, read_time: 0.0099, train_time: 0.2951, lr: 0.0003
Epoch [8/200], Step [1200/2503], Loss: 1.1829, read_time: 0.0093, train_time: 0.2950, lr: 0.0003
Epoch [8/200], Step [1300/2503], Loss: 1.1838, read_time: 0.0137, train_time: 0.2959, lr: 0.0003
Epoch [8/200], Step [1400/2503], Loss: 1.1858, read_time: 0.0107, train_time: 0.2957, lr: 0.0003
Epoch [8/200], Step [1500/2503], Loss: 1.1869, read_time: 0.0111, train_time: 0.2946, lr: 0.0003
Epoch [8/200], Step [1600/2503], Loss: 1.1889, read_time: 0.0119, train_time: 0.2948, lr: 0.0003
Epoch [8/200], Step [1700/2503], Loss: 1.1921, read_time: 0.0128, train_time: 0.2941, lr: 0.0003
Epoch [8/200], Step [1800/2503], Loss: 1.1937, read_time: 0.0106, train_time: 0.2941, lr: 0.0003
Epoch [8/200], Step [1900/2503], Loss: 1.1951, read_time: 0.0117, train_time: 0.2941, lr: 0.0003
Epoch [8/200], Step [2000/2503], Loss: 1.1957, read_time: 0.0079, train_time: 0.2940, lr: 0.0003
Epoch [8/200], Step [2100/2503], Loss: 1.1968, read_time: 0.0085, train_time: 0.2943, lr: 0.0003
Epoch [8/200], Step [2200/2503], Loss: 1.1975, read_time: 0.0108, train_time: 0.2940, lr: 0.0003
Epoch [8/200], Step [2300/2503], Loss: 1.1982, read_time: 0.0117, train_time: 0.2950, lr: 0.0003
Epoch [8/200], Step [2400/2503], Loss: 1.1988, read_time: 0.0103, train_time: 0.2949, lr: 0.0003
Epoch [8/200], Step [2500/2503], Loss: 1.1998, read_time: 0.0078, train_time: 0.2958, lr: 0.0003
Epoch [8/200], avg_Loss: 1.2000, avg_acc: 0.7108
Epoch [9/200], Step [100/2503], Loss: 1.1530, read_time: 0.9297, train_time: 0.3041, lr: 0.0003
Epoch [9/200], Step [200/2503], Loss: 1.1707, read_time: 0.7978, train_time: 0.2964, lr: 0.0003
Epoch [9/200], Step [300/2503], Loss: 1.1792, read_time: 0.0172, train_time: 0.2953, lr: 0.0003
Epoch [9/200], Step [400/2503], Loss: 1.1778, read_time: 0.0416, train_time: 0.2949, lr: 0.0003
Epoch [9/200], Step [500/2503], Loss: 1.1809, read_time: 0.0080, train_time: 0.2939, lr: 0.0003
Epoch [9/200], Step [600/2503], Loss: 1.1819, read_time: 0.0095, train_time: 0.2947, lr: 0.0003
Epoch [9/200], Step [700/2503], Loss: 1.1839, read_time: 0.0102, train_time: 0.2939, lr: 0.0003
Epoch [9/200], Step [800/2503], Loss: 1.1846, read_time: 0.0115, train_time: 0.2948, lr: 0.0003
Epoch [9/200], Step [900/2503], Loss: 1.1839, read_time: 0.0094, train_time: 0.2951, lr: 0.0003
Epoch [9/200], Step [1000/2503], Loss: 1.1869, read_time: 0.0095, train_time: 0.2936, lr: 0.0003
Epoch [9/200], Step [1100/2503], Loss: 1.1889, read_time: 0.0126, train_time: 0.2946, lr: 0.0003
Epoch [9/200], Step [1200/2503], Loss: 1.1893, read_time: 0.0109, train_time: 0.2954, lr: 0.0003
Epoch [9/200], Step [1300/2503], Loss: 1.1910, read_time: 0.0144, train_time: 0.2952, lr: 0.0003
Epoch [9/200], Step [1400/2503], Loss: 1.1926, read_time: 0.0123, train_time: 0.2958, lr: 0.0003
Epoch [9/200], Step [1500/2503], Loss: 1.1943, read_time: 0.0112, train_time: 0.2954, lr: 0.0003
Epoch [9/200], Step [1600/2503], Loss: 1.1944, read_time: 0.0123, train_time: 0.2953, lr: 0.0003
Epoch [9/200], Step [1700/2503], Loss: 1.1964, read_time: 0.0122, train_time: 0.2951, lr: 0.0003
Epoch [9/200], Step [1800/2503], Loss: 1.1976, read_time: 0.0128, train_time: 0.2949, lr: 0.0003
Epoch [9/200], Step [1900/2503], Loss: 1.1982, read_time: 0.0113, train_time: 0.2947, lr: 0.0003
Epoch [9/200], Step [2000/2503], Loss: 1.1986, read_time: 0.0118, train_time: 0.2949, lr: 0.0003
Epoch [9/200], Step [2100/2503], Loss: 1.2002, read_time: 0.0127, train_time: 0.2946, lr: 0.0003
Epoch [9/200], Step [2200/2503], Loss: 1.2003, read_time: 0.0101, train_time: 0.2945, lr: 0.0003
Epoch [9/200], Step [2300/2503], Loss: 1.2016, read_time: 0.0117, train_time: 0.2944, lr: 0.0003
Epoch [9/200], Step [2400/2503], Loss: 1.2022, read_time: 0.0083, train_time: 0.2947, lr: 0.0003
Epoch [9/200], Step [2500/2503], Loss: 1.2035, read_time: 0.0064, train_time: 0.2947, lr: 0.0003
Epoch [9/200], avg_Loss: 1.2036, avg_acc: 0.7096
Epoch [10/200], Step [100/2503], Loss: 1.1524, read_time: 0.5557, train_time: 0.3034, lr: 0.0003
Epoch [10/200], Step [200/2503], Loss: 1.1641, read_time: 0.2146, train_time: 0.2964, lr: 0.0003
Epoch [10/200], Step [300/2503], Loss: 1.1590, read_time: 0.8104, train_time: 0.2984, lr: 0.0003
Epoch [10/200], Step [400/2503], Loss: 1.1613, read_time: 0.7242, train_time: 0.2963, lr: 0.0003
Epoch [10/200], Step [500/2503], Loss: 1.1593, read_time: 0.5608, train_time: 0.2959, lr: 0.0003
Epoch [10/200], Step [600/2503], Loss: 1.1647, read_time: 0.1586, train_time: 0.2956, lr: 0.0003
Epoch [10/200], Step [700/2503], Loss: 1.1692, read_time: 0.1656, train_time: 0.2957, lr: 0.0003
Epoch [10/200], Step [800/2503], Loss: 1.1713, read_time: 0.1016, train_time: 0.2966, lr: 0.0003
Epoch [10/200], Step [900/2503], Loss: 1.1719, read_time: 0.5320, train_time: 0.2966, lr: 0.0003
Epoch [10/200], Step [1000/2503], Loss: 1.1754, read_time: 0.2576, train_time: 0.2958, lr: 0.0003
Epoch [10/200], Step [1100/2503], Loss: 1.1782, read_time: 0.1287, train_time: 0.2951, lr: 0.0003
Epoch [10/200], Step [1200/2503], Loss: 1.1804, read_time: 0.7815, train_time: 0.2953, lr: 0.0003
Epoch [10/200], Step [1300/2503], Loss: 1.1823, read_time: 0.5814, train_time: 0.2969, lr: 0.0003
Epoch [10/200], Step [1400/2503], Loss: 1.1837, read_time: 0.2856, train_time: 0.2954, lr: 0.0003
Epoch [10/200], Step [1500/2503], Loss: 1.1864, read_time: 0.6228, train_time: 0.2956, lr: 0.0003
Epoch [10/200], Step [1600/2503], Loss: 1.1883, read_time: 0.5571, train_time: 0.2955, lr: 0.0003
Epoch [10/200], Step [1700/2503], Loss: 1.1898, read_time: 0.8358, train_time: 0.2976, lr: 0.0003
Epoch [10/200], Step [1800/2503], Loss: 1.1908, read_time: 1.1538, train_time: 0.3070, lr: 0.0003
Epoch [10/200], Step [1900/2503], Loss: 1.1919, read_time: 1.0215, train_time: 0.2963, lr: 0.0003
Epoch [10/200], Step [2000/2503], Loss: 1.1932, read_time: 1.2772, train_time: 0.2958, lr: 0.0003
Epoch [10/200], Step [2100/2503], Loss: 1.1941, read_time: 0.9803, train_time: 0.2980, lr: 0.0003
Epoch [10/200], Step [2200/2503], Loss: 1.1950, read_time: 1.0254, train_time: 0.2976, lr: 0.0003
Epoch [10/200], Step [2300/2503], Loss: 1.1950, read_time: 1.9585, train_time: 0.2967, lr: 0.0003
Epoch [10/200], Step [2400/2503], Loss: 1.1952, read_time: 2.5506, train_time: 0.2959, lr: 0.0003
Epoch [10/200], Step [2500/2503], Loss: 1.1962, read_time: 3.3769, train_time: 0.2955, lr: 0.0003
Epoch [10/200], avg_Loss: 1.1962, avg_acc: 0.7120
Epoch [11/200], Step [100/2503], Loss: 1.1465, read_time: 1.3982, train_time: 0.3010, lr: 0.0003
Epoch [11/200], Step [200/2503], Loss: 1.1608, read_time: 0.6815, train_time: 0.2954, lr: 0.0003
Epoch [11/200], Step [300/2503], Loss: 1.1623, read_time: 0.5450, train_time: 0.2949, lr: 0.0003
Epoch [11/200], Step [400/2503], Loss: 1.1674, read_time: 0.0081, train_time: 0.2938, lr: 0.0003
Epoch [11/200], Step [500/2503], Loss: 1.1724, read_time: 0.0112, train_time: 0.2946, lr: 0.0003
Epoch [11/200], Step [600/2503], Loss: 1.1748, read_time: 0.0081, train_time: 0.2946, lr: 0.0003
Epoch [11/200], Step [700/2503], Loss: 1.1741, read_time: 0.0118, train_time: 0.2946, lr: 0.0003
Epoch [11/200], Step [800/2503], Loss: 1.1760, read_time: 0.0099, train_time: 0.2953, lr: 0.0003
Epoch [11/200], Step [900/2503], Loss: 1.1780, read_time: 0.1116, train_time: 0.2936, lr: 0.0003
Epoch [11/200], Step [1000/2503], Loss: 1.1819, read_time: 0.0331, train_time: 0.2946, lr: 0.0003
Epoch [11/200], Step [1100/2503], Loss: 1.1852, read_time: 0.0293, train_time: 0.2944, lr: 0.0003
Epoch [11/200], Step [1200/2503], Loss: 1.1882, read_time: 0.0080, train_time: 0.2945, lr: 0.0003
Epoch [11/200], Step [1300/2503], Loss: 1.1885, read_time: 0.0087, train_time: 0.2947, lr: 0.0003
Epoch [11/200], Step [1400/2503], Loss: 1.1894, read_time: 0.0108, train_time: 0.2941, lr: 0.0003
Epoch [11/200], Step [1500/2503], Loss: 1.1915, read_time: 0.0110, train_time: 0.2944, lr: 0.0003
Epoch [11/200], Step [1600/2503], Loss: 1.1933, read_time: 0.0106, train_time: 0.2934, lr: 0.0003
Epoch [11/200], Step [1700/2503], Loss: 1.1939, read_time: 0.0099, train_time: 0.2940, lr: 0.0003
Epoch [11/200], Step [1800/2503], Loss: 1.1954, read_time: 0.0122, train_time: 0.2938, lr: 0.0003
Epoch [11/200], Step [1900/2503], Loss: 1.1970, read_time: 0.0095, train_time: 0.2941, lr: 0.0003
Epoch [11/200], Step [2000/2503], Loss: 1.1985, read_time: 0.0128, train_time: 0.2945, lr: 0.0003
Epoch [11/200], Step [2100/2503], Loss: 1.1999, read_time: 0.0107, train_time: 0.2946, lr: 0.0003
Epoch [11/200], Step [2200/2503], Loss: 1.2010, read_time: 0.0133, train_time: 0.2942, lr: 0.0003
Epoch [11/200], Step [2300/2503], Loss: 1.2018, read_time: 0.0146, train_time: 0.2941, lr: 0.0003
Epoch [11/200], Step [2400/2503], Loss: 1.2029, read_time: 0.0108, train_time: 0.2938, lr: 0.0003
Epoch [11/200], Step [2500/2503], Loss: 1.2037, read_time: 0.0099, train_time: 0.2948, lr: 0.0003
Epoch [11/200], avg_Loss: 1.2039, avg_acc: 0.7096
Epoch [12/200], Step [100/2503], Loss: 1.1530, read_time: 0.4863, train_time: 0.3022, lr: 0.0003
Epoch [12/200], Step [200/2503], Loss: 1.1631, read_time: 0.4787, train_time: 0.2957, lr: 0.0003
Epoch [12/200], Step [300/2503], Loss: 1.1657, read_time: 0.3314, train_time: 0.2961, lr: 0.0003
Epoch [12/200], Step [400/2503], Loss: 1.1665, read_time: 0.0181, train_time: 0.2952, lr: 0.0003
Epoch [12/200], Step [500/2503], Loss: 1.1702, read_time: 0.0127, train_time: 0.2948, lr: 0.0003
Epoch [12/200], Step [600/2503], Loss: 1.1748, read_time: 0.0096, train_time: 0.2942, lr: 0.0003
Epoch [12/200], Step [700/2503], Loss: 1.1744, read_time: 0.0116, train_time: 0.2945, lr: 0.0003
Epoch [12/200], Step [800/2503], Loss: 1.1753, read_time: 0.0127, train_time: 0.2941, lr: 0.0003
Epoch [12/200], Step [900/2503], Loss: 1.1774, read_time: 0.0143, train_time: 0.2943, lr: 0.0003
Epoch [12/200], Step [1000/2503], Loss: 1.1774, read_time: 0.0111, train_time: 0.2943, lr: 0.0003
Epoch [12/200], Step [1100/2503], Loss: 1.1799, read_time: 0.0127, train_time: 0.2943, lr: 0.0003
Epoch [12/200], Step [1200/2503], Loss: 1.1828, read_time: 0.0124, train_time: 0.2944, lr: 0.0003
Epoch [12/200], Step [1300/2503], Loss: 1.1846, read_time: 0.0115, train_time: 0.2937, lr: 0.0003
Epoch [12/200], Step [1400/2503], Loss: 1.1875, read_time: 0.0115, train_time: 0.2937, lr: 0.0003
Epoch [12/200], Step [1500/2503], Loss: 1.1882, read_time: 0.0124, train_time: 0.2941, lr: 0.0003
Epoch [12/200], Step [1600/2503], Loss: 1.1903, read_time: 0.0115, train_time: 0.2944, lr: 0.0003
Epoch [12/200], Step [1700/2503], Loss: 1.1916, read_time: 0.0108, train_time: 0.2940, lr: 0.0003
Epoch [12/200], Step [1800/2503], Loss: 1.1924, read_time: 0.0118, train_time: 0.2940, lr: 0.0003
Epoch [12/200], Step [1900/2503], Loss: 1.1925, read_time: 0.0090, train_time: 0.2934, lr: 0.0003
Epoch [12/200], Step [2000/2503], Loss: 1.1939, read_time: 0.0091, train_time: 0.2942, lr: 0.0003
Epoch [12/200], Step [2100/2503], Loss: 1.1950, read_time: 0.0114, train_time: 0.2942, lr: 0.0003
Epoch [12/200], Step [2200/2503], Loss: 1.1961, read_time: 0.0131, train_time: 0.2935, lr: 0.0003
Epoch [12/200], Step [2300/2503], Loss: 1.1968, read_time: 0.0131, train_time: 0.2937, lr: 0.0003
Epoch [12/200], Step [2400/2503], Loss: 1.1979, read_time: 0.0125, train_time: 0.2934, lr: 0.0003
Epoch [12/200], Step [2500/2503], Loss: 1.1994, read_time: 0.0094, train_time: 0.2939, lr: 0.0003
Epoch [12/200], avg_Loss: 1.1995, avg_acc: 0.7100
Epoch [13/200], Step [100/2503], Loss: 1.1541, read_time: 1.1906, train_time: 0.3028, lr: 0.0003
Epoch [13/200], Step [200/2503], Loss: 1.1715, read_time: 0.8054, train_time: 0.2959, lr: 0.0003
Epoch [13/200], Step [300/2503], Loss: 1.1742, read_time: 0.0219, train_time: 0.2937, lr: 0.0003
Epoch [13/200], Step [400/2503], Loss: 1.1743, read_time: 0.0641, train_time: 0.2943, lr: 0.0003
Epoch [13/200], Step [500/2503], Loss: 1.1744, read_time: 0.1342, train_time: 0.2942, lr: 0.0003
Epoch [13/200], Step [600/2503], Loss: 1.1752, read_time: 0.3236, train_time: 0.2956, lr: 0.0003
Epoch [13/200], Step [700/2503], Loss: 1.1749, read_time: 0.4532, train_time: 0.2947, lr: 0.0003
Epoch [13/200], Step [800/2503], Loss: 1.1738, read_time: 0.3156, train_time: 0.2957, lr: 0.0003
Epoch [13/200], Step [900/2503], Loss: 1.1760, read_time: 0.1469, train_time: 0.2947, lr: 0.0003
Epoch [13/200], Step [1000/2503], Loss: 1.1783, read_time: 0.3365, train_time: 0.2959, lr: 0.0003
Epoch [13/200], Step [1100/2503], Loss: 1.1798, read_time: 0.8317, train_time: 0.2954, lr: 0.0003
Epoch [13/200], Step [1200/2503], Loss: 1.1817, read_time: 0.8792, train_time: 0.2960, lr: 0.0003
Epoch [13/200], Step [1300/2503], Loss: 1.1828, read_time: 0.5750, train_time: 0.2947, lr: 0.0003
Epoch [13/200], Step [1400/2503], Loss: 1.1831, read_time: 0.0614, train_time: 0.2959, lr: 0.0003
Epoch [13/200], Step [1500/2503], Loss: 1.1849, read_time: 0.3878, train_time: 0.2955, lr: 0.0003
Epoch [13/200], Step [1600/2503], Loss: 1.1873, read_time: 0.2208, train_time: 0.2948, lr: 0.0003
Epoch [13/200], Step [1700/2503], Loss: 1.1889, read_time: 0.0998, train_time: 0.2935, lr: 0.0003
Epoch [13/200], Step [1800/2503], Loss: 1.1894, read_time: 0.3344, train_time: 0.2950, lr: 0.0003
Epoch [13/200], Step [1900/2503], Loss: 1.1906, read_time: 0.6310, train_time: 0.2965, lr: 0.0003
Epoch [13/200], Step [2000/2503], Loss: 1.1917, read_time: 1.6993, train_time: 0.2977, lr: 0.0003
Epoch [13/200], Step [2100/2503], Loss: 1.1924, read_time: 1.9146, train_time: 0.2965, lr: 0.0003
Epoch [13/200], Step [2200/2503], Loss: 1.1926, read_time: 1.9466, train_time: 0.2954, lr: 0.0003
Epoch [13/200], Step [2300/2503], Loss: 1.1946, read_time: 1.5083, train_time: 0.2974, lr: 0.0003
Epoch [13/200], Step [2400/2503], Loss: 1.1960, read_time: 1.2400, train_time: 0.2968, lr: 0.0003
Epoch [13/200], Step [2500/2503], Loss: 1.1967, read_time: 1.0119, train_time: 0.2953, lr: 0.0003
Epoch [13/200], avg_Loss: 1.1967, avg_acc: 0.7108
Epoch [14/200], Step [100/2503], Loss: 1.1780, read_time: 2.2024, train_time: 0.3035, lr: 0.0003
Epoch [14/200], Step [200/2503], Loss: 1.1650, read_time: 1.4131, train_time: 0.2967, lr: 0.0003
Epoch [14/200], Step [300/2503], Loss: 1.1690, read_time: 1.6787, train_time: 0.2980, lr: 0.0003
Epoch [14/200], Step [400/2503], Loss: 1.1761, read_time: 0.7093, train_time: 0.2958, lr: 0.0003
Epoch [14/200], Step [500/2503], Loss: 1.1748, read_time: 0.2960, train_time: 0.2948, lr: 0.0003
Epoch [14/200], Step [600/2503], Loss: 1.1761, read_time: 0.7076, train_time: 0.2950, lr: 0.0003
Epoch [14/200], Step [700/2503], Loss: 1.1763, read_time: 0.3163, train_time: 0.2941, lr: 0.0003
Epoch [14/200], Step [800/2503], Loss: 1.1791, read_time: 0.0685, train_time: 0.2937, lr: 0.0003
Epoch [14/200], Step [900/2503], Loss: 1.1822, read_time: 0.1179, train_time: 0.2943, lr: 0.0003
Epoch [14/200], Step [1000/2503], Loss: 1.1811, read_time: 0.1710, train_time: 0.2944, lr: 0.0003
Epoch [14/200], Step [1100/2503], Loss: 1.1820, read_time: 0.1650, train_time: 0.2943, lr: 0.0003
/usr/local/lib/python3.6/dist-packages/PIL/TiffImagePlugin.py:792: UserWarning: Corrupt EXIF data.  Expecting to read 4 bytes but only got 0. 
  warnings.warn(str(msg))
Epoch [14/200], Step [1200/2503], Loss: 1.1827, read_time: 0.0720, train_time: 0.2933, lr: 0.0003
Epoch [14/200], Step [1300/2503], Loss: 1.1852, read_time: 0.0096, train_time: 0.2938, lr: 0.0003
Epoch [14/200], Step [1400/2503], Loss: 1.1864, read_time: 0.0084, train_time: 0.2931, lr: 0.0003
Epoch [14/200], Step [1500/2503], Loss: 1.1873, read_time: 0.0110, train_time: 0.2931, lr: 0.0003
Epoch [14/200], Step [1600/2503], Loss: 1.1883, read_time: 0.0089, train_time: 0.2930, lr: 0.0003
Epoch [14/200], Step [1700/2503], Loss: 1.1894, read_time: 0.0074, train_time: 0.2932, lr: 0.0003
Epoch [14/200], Step [1800/2503], Loss: 1.1906, read_time: 0.0081, train_time: 0.2934, lr: 0.0003
Epoch [14/200], Step [1900/2503], Loss: 1.1916, read_time: 0.0068, train_time: 0.2930, lr: 0.0003
Epoch [14/200], Step [2000/2503], Loss: 1.1926, read_time: 0.0073, train_time: 0.2932, lr: 0.0003
Epoch [14/200], Step [2100/2503], Loss: 1.1937, read_time: 0.0096, train_time: 0.2929, lr: 0.0003
Epoch [14/200], Step [2200/2503], Loss: 1.1943, read_time: 0.0091, train_time: 0.2932, lr: 0.0003
Epoch [14/200], Step [2300/2503], Loss: 1.1955, read_time: 0.0081, train_time: 0.2926, lr: 0.0003
Epoch [14/200], Step [2400/2503], Loss: 1.1969, read_time: 0.0072, train_time: 0.2928, lr: 0.0003
Epoch [14/200], Step [2500/2503], Loss: 1.1983, read_time: 0.0058, train_time: 0.2930, lr: 0.0003
Epoch [14/200], avg_Loss: 1.1984, avg_acc: 0.7106
Epoch [15/200], Step [100/2503], Loss: 1.1584, read_time: 1.1496, train_time: 0.3040, lr: 0.0003
Epoch [15/200], Step [200/2503], Loss: 1.1617, read_time: 0.4191, train_time: 0.2946, lr: 0.0003
Epoch [15/200], Step [300/2503], Loss: 1.1641, read_time: 0.0758, train_time: 0.2947, lr: 0.0003


--------------------------------------
C++ Traceback (most recent call last):
--------------------------------------
0   paddle::imperative::Tracer::TraceOp(std::string const&, paddle::imperative::NameVarBaseMap const&, paddle::imperative::NameVarBaseMap const&, paddle::framework::AttributeMap, std::map<std::string, std::string, std::less<std::string >, std::allocator<std::pair<std::string const, std::string > > > const&)
1   paddle::imperative::Tracer::TraceOp(std::string const&, paddle::imperative::NameVarBaseMap const&, paddle::imperative::NameVarBaseMap const&, paddle::framework::AttributeMap, paddle::platform::Place const&, bool, std::map<std::string, std::string, std::less<std::string >, std::allocator<std::pair<std::string const, std::string > > > const&)
2   std::shared_ptr<paddle::imperative::details::NameVarMapTrait<paddle::imperative::VarBase>::Type> paddle::imperative::PrepareData<paddle::imperative::VarBase>(paddle::framework::OperatorWithKernel const&, paddle::imperative::details::NameVarMapTrait<paddle::imperative::VarBase>::Type const&, paddle::framework::OpKernelType const&)
3   paddle::framework::TransformData(paddle::framework::OpKernelType const&, paddle::framework::OpKernelType const&, paddle::framework::Tensor const&, paddle::framework::Tensor*)
4   paddle::framework::TransDataDevice(paddle::framework::Tensor const&, paddle::platform::Place const&, paddle::framework::Tensor*)
5   paddle::framework::TensorCopySync(paddle::framework::Tensor const&, paddle::platform::Place const&, paddle::framework::Tensor*)
6   void paddle::memory::Copy<paddle::platform::CUDAPlace, paddle::platform::CUDAPinnedPlace>(paddle::platform::CUDAPlace, void*, paddle::platform::CUDAPinnedPlace, void const*, unsigned long, CUstream_st*)
7   paddle::platform::GpuMemcpySync(void*, void const*, unsigned long, cudaMemcpyKind)

----------------------
Error Message Summary:
----------------------
FatalError: `Termination signal` is detected by the operating system.
  [TimeInfo: *** Aborted at 1639143619 (unix time) try "date -d @1639143619" if you are using GNU date ***]
  [SignalInfo: *** SIGTERM (@0x1d3c1) received by PID 119847 (TID 0x7f2e58b4a740) from PID 119745 ***]

/usr/local/lib/python3.6/dist-packages/setuptools/depends.py:2: DeprecationWarning: the imp module is deprecated in favour of importlib; see the module's documentation for alternative uses
  import imp
I1210 13:40:31.106648 93307 nccl_context.cc:74] init nccl context nranks: 2 local rank: 0 gpu id: 0 ring id: 0
W1210 13:40:31.931474 93307 device_context.cc:447] Please NOTE: device: 0, GPU Compute Capability: 7.5, Driver API Version: 11.0, Runtime API Version: 10.2
W1210 13:40:31.936688 93307 device_context.cc:465] device: 0, cuDNN Version: 7.6.
----- Imagenet2012 image train list len = 1281167
----- Imagenet2012 image val list len = 50000
Epoch [0/200], Step [100/2503], Loss: 1.1784, read_time: 1.0792, train_time: 0.2975, lr: 0.000201
Epoch [0/200], Step [200/2503], Loss: 1.1806, read_time: 0.4277, train_time: 0.2967, lr: 0.000201
Epoch [0/200], Step [300/2503], Loss: 1.1794, read_time: 1.3444, train_time: 0.2976, lr: 0.000201
Epoch [0/200], Step [400/2503], Loss: 1.1742, read_time: 1.1153, train_time: 0.2969, lr: 0.000201
Epoch [0/200], Step [500/2503], Loss: 1.1732, read_time: 1.5255, train_time: 0.2964, lr: 0.000201
Epoch [0/200], Step [600/2503], Loss: 1.1705, read_time: 0.9155, train_time: 0.2957, lr: 0.000201
Epoch [0/200], Step [700/2503], Loss: 1.1725, read_time: 0.3299, train_time: 0.2958, lr: 0.000201
Epoch [0/200], Step [800/2503], Loss: 1.1703, read_time: 0.3455, train_time: 0.2948, lr: 0.000201
Epoch [0/200], Step [900/2503], Loss: 1.1677, read_time: 0.6114, train_time: 0.2951, lr: 0.000201
Epoch [0/200], Step [1000/2503], Loss: 1.1684, read_time: 0.9206, train_time: 0.2947, lr: 0.000201
Epoch [0/200], Step [1100/2503], Loss: 1.1650, read_time: 0.9859, train_time: 0.2954, lr: 0.000201
Epoch [0/200], Step [1200/2503], Loss: 1.1644, read_time: 1.1157, train_time: 0.2953, lr: 0.000201
Epoch [0/200], Step [1300/2503], Loss: 1.1625, read_time: 1.0217, train_time: 0.2959, lr: 0.000201
Epoch [0/200], Step [1400/2503], Loss: 1.1599, read_time: 0.8294, train_time: 0.2950, lr: 0.000201
Epoch [0/200], Step [1500/2503], Loss: 1.1586, read_time: 0.8928, train_time: 0.2950, lr: 0.000201
Epoch [0/200], Step [1600/2503], Loss: 1.1586, read_time: 1.0507, train_time: 0.2952, lr: 0.000201
Epoch [0/200], Step [1700/2503], Loss: 1.1575, read_time: 1.5277, train_time: 0.2962, lr: 0.000201
Epoch [0/200], Step [1800/2503], Loss: 1.1569, read_time: 1.1346, train_time: 0.2960, lr: 0.000201
Epoch [0/200], Step [1900/2503], Loss: 1.1556, read_time: 1.3544, train_time: 0.2948, lr: 0.000201
Epoch [0/200], Step [2000/2503], Loss: 1.1557, read_time: 1.0763, train_time: 0.2956, lr: 0.000201
Epoch [0/200], Step [2100/2503], Loss: 1.1540, read_time: 1.5265, train_time: 0.2960, lr: 0.000201
Epoch [0/200], Step [2200/2503], Loss: 1.1538, read_time: 1.7149, train_time: 0.2951, lr: 0.000201
Epoch [0/200], Step [2300/2503], Loss: 1.1529, read_time: 1.8940, train_time: 0.2947, lr: 0.000201
Epoch [0/200], Step [2400/2503], Loss: 1.1520, read_time: 1.3453, train_time: 0.2960, lr: 0.000201
Epoch [0/200], Step [2500/2503], Loss: 1.1519, read_time: 2.4322, train_time: 0.2965, lr: 0.000201
Epoch [0/200], avg_Loss: 1.1517, avg_acc: 0.7225
ImageNet val acc is:0.7050
Epoch [1/200], Step [100/2503], Loss: 1.1390, read_time: 0.1677, train_time: 0.3000, lr: 0.000201
Epoch [1/200], Step [200/2503], Loss: 1.1311, read_time: 0.0081, train_time: 0.2944, lr: 0.000201
Epoch [1/200], Step [300/2503], Loss: 1.1308, read_time: 0.0072, train_time: 0.2945, lr: 0.000201
Epoch [1/200], Step [400/2503], Loss: 1.1310, read_time: 0.0086, train_time: 0.2946, lr: 0.000201
Epoch [1/200], Step [500/2503], Loss: 1.1305, read_time: 0.0078, train_time: 0.2945, lr: 0.000201
Epoch [1/200], Step [600/2503], Loss: 1.1289, read_time: 0.0092, train_time: 0.2948, lr: 0.000201
Epoch [1/200], Step [700/2503], Loss: 1.1293, read_time: 0.0105, train_time: 0.2941, lr: 0.000201
Epoch [1/200], Step [800/2503], Loss: 1.1265, read_time: 0.0086, train_time: 0.2939, lr: 0.000201
Epoch [1/200], Step [900/2503], Loss: 1.1254, read_time: 0.0072, train_time: 0.2943, lr: 0.000201
Epoch [1/200], Step [1000/2503], Loss: 1.1252, read_time: 0.0070, train_time: 0.2940, lr: 0.000201
Epoch [1/200], Step [1100/2503], Loss: 1.1264, read_time: 0.0094, train_time: 0.2930, lr: 0.000201
Epoch [1/200], Step [1200/2503], Loss: 1.1264, read_time: 0.0108, train_time: 0.2933, lr: 0.000201
Epoch [1/200], Step [1300/2503], Loss: 1.1286, read_time: 0.0125, train_time: 0.2927, lr: 0.000201
/usr/local/lib/python3.6/dist-packages/PIL/TiffImagePlugin.py:792: UserWarning: Corrupt EXIF data.  Expecting to read 4 bytes but only got 0. 
  warnings.warn(str(msg))
Epoch [1/200], Step [1400/2503], Loss: 1.1275, read_time: 0.0118, train_time: 0.2937, lr: 0.000201
Epoch [1/200], Step [1500/2503], Loss: 1.1276, read_time: 0.0103, train_time: 0.2937, lr: 0.000201
Epoch [1/200], Step [1600/2503], Loss: 1.1278, read_time: 0.0105, train_time: 0.2924, lr: 0.000201
Epoch [1/200], Step [1700/2503], Loss: 1.1278, read_time: 0.0106, train_time: 0.2926, lr: 0.000201
Epoch [1/200], Step [1800/2503], Loss: 1.1283, read_time: 0.0088, train_time: 0.2925, lr: 0.000201
Epoch [1/200], Step [1900/2503], Loss: 1.1292, read_time: 0.0116, train_time: 0.2927, lr: 0.000201
Epoch [1/200], Step [2000/2503], Loss: 1.1297, read_time: 0.0090, train_time: 0.2930, lr: 0.000201
Epoch [1/200], Step [2100/2503], Loss: 1.1307, read_time: 0.0102, train_time: 0.2930, lr: 0.000201
Epoch [1/200], Step [2200/2503], Loss: 1.1312, read_time: 0.0106, train_time: 0.2932, lr: 0.000201
Epoch [1/200], Step [2300/2503], Loss: 1.1307, read_time: 0.0090, train_time: 0.2929, lr: 0.000201
Epoch [1/200], Step [2400/2503], Loss: 1.1304, read_time: 0.0087, train_time: 0.2930, lr: 0.000201
Epoch [1/200], Step [2500/2503], Loss: 1.1312, read_time: 0.0060, train_time: 0.2927, lr: 0.000201
Epoch [1/200], avg_Loss: 1.1312, avg_acc: 0.7275
ImageNet val acc is:0.7070
Epoch [2/200], Step [100/2503], Loss: 1.0996, read_time: 1.1175, train_time: 0.3002, lr: 0.000201
Epoch [2/200], Step [200/2503], Loss: 1.1069, read_time: 1.2728, train_time: 0.2953, lr: 0.000201
Epoch [2/200], Step [300/2503], Loss: 1.1111, read_time: 0.8778, train_time: 0.2951, lr: 0.000201
Epoch [2/200], Step [400/2503], Loss: 1.1107, read_time: 1.2577, train_time: 0.2967, lr: 0.000201
Epoch [2/200], Step [500/2503], Loss: 1.1128, read_time: 2.1151, train_time: 0.2959, lr: 0.000201
Epoch [2/200], Step [600/2503], Loss: 1.1169, read_time: 1.3291, train_time: 0.2956, lr: 0.000201
Epoch [2/200], Step [700/2503], Loss: 1.1170, read_time: 1.0851, train_time: 0.2945, lr: 0.000201
Epoch [2/200], Step [800/2503], Loss: 1.1152, read_time: 1.0002, train_time: 0.2942, lr: 0.000201
Epoch [2/200], Step [900/2503], Loss: 1.1171, read_time: 2.0026, train_time: 0.2952, lr: 0.000201
Epoch [2/200], Step [1000/2503], Loss: 1.1180, read_time: 2.4393, train_time: 0.2932, lr: 0.000201
Epoch [2/200], Step [1100/2503], Loss: 1.1194, read_time: 1.1804, train_time: 0.2938, lr: 0.000201
Epoch [2/200], Step [1200/2503], Loss: 1.1204, read_time: 1.0809, train_time: 0.2940, lr: 0.000201
Epoch [2/200], Step [1300/2503], Loss: 1.1207, read_time: 0.9786, train_time: 0.2940, lr: 0.000201
Epoch [2/200], Step [1400/2503], Loss: 1.1214, read_time: 2.0520, train_time: 0.2936, lr: 0.000201
Epoch [2/200], Step [1500/2503], Loss: 1.1221, read_time: 1.4965, train_time: 0.2937, lr: 0.000201
Epoch [2/200], Step [1600/2503], Loss: 1.1229, read_time: 1.8777, train_time: 0.2939, lr: 0.000201
Epoch [2/200], Step [1700/2503], Loss: 1.1239, read_time: 2.0503, train_time: 0.2938, lr: 0.000201
Epoch [2/200], Step [1800/2503], Loss: 1.1240, read_time: 1.0888, train_time: 0.2938, lr: 0.000201
Epoch [2/200], Step [1900/2503], Loss: 1.1247, read_time: 2.2499, train_time: 0.2945, lr: 0.000201
Epoch [2/200], Step [2000/2503], Loss: 1.1266, read_time: 1.4573, train_time: 0.2942, lr: 0.000201
Epoch [2/200], Step [2100/2503], Loss: 1.1278, read_time: 1.5823, train_time: 0.2951, lr: 0.000201
Epoch [2/200], Step [2200/2503], Loss: 1.1289, read_time: 0.9256, train_time: 0.2962, lr: 0.000201
Epoch [2/200], Step [2300/2503], Loss: 1.1296, read_time: 0.9514, train_time: 0.2958, lr: 0.000201
Epoch [2/200], Step [2400/2503], Loss: 1.1305, read_time: 0.7584, train_time: 0.2954, lr: 0.000201
Epoch [2/200], Step [2500/2503], Loss: 1.1318, read_time: 1.8179, train_time: 0.2962, lr: 0.000201
Epoch [2/200], avg_Loss: 1.1319, avg_acc: 0.7270
ImageNet val acc is:0.7023
Epoch [3/200], Step [100/2503], Loss: 1.1005, read_time: 0.4202, train_time: 0.3000, lr: 0.000201
Epoch [3/200], Step [200/2503], Loss: 1.1051, read_time: 0.4722, train_time: 0.2960, lr: 0.000201
Epoch [3/200], Step [300/2503], Loss: 1.1138, read_time: 0.8045, train_time: 0.2948, lr: 0.000201
Epoch [3/200], Step [400/2503], Loss: 1.1151, read_time: 1.1897, train_time: 0.2962, lr: 0.000201
Epoch [3/200], Step [500/2503], Loss: 1.1134, read_time: 2.5097, train_time: 0.2959, lr: 0.000201
Epoch [3/200], Step [600/2503], Loss: 1.1113, read_time: 2.2617, train_time: 0.2929, lr: 0.000201
Epoch [3/200], Step [700/2503], Loss: 1.1095, read_time: 0.6166, train_time: 0.2941, lr: 0.000201
Epoch [3/200], Step [800/2503], Loss: 1.1099, read_time: 0.7598, train_time: 0.2941, lr: 0.000201
Epoch [3/200], Step [900/2503], Loss: 1.1095, read_time: 3.1323, train_time: 0.2968, lr: 0.000201
Epoch [3/200], Step [1000/2503], Loss: 1.1103, read_time: 2.3414, train_time: 0.2949, lr: 0.000201
Epoch [3/200], Step [1100/2503], Loss: 1.1115, read_time: 2.5141, train_time: 0.2957, lr: 0.000201
Epoch [3/200], Step [1200/2503], Loss: 1.1122, read_time: 2.4684, train_time: 0.2955, lr: 0.000201
Epoch [3/200], Step [1300/2503], Loss: 1.1126, read_time: 2.2302, train_time: 0.2960, lr: 0.000201
Epoch [3/200], Step [1400/2503], Loss: 1.1136, read_time: 2.1441, train_time: 0.2963, lr: 0.000201
Epoch [3/200], Step [1500/2503], Loss: 1.1135, read_time: 1.4219, train_time: 0.2949, lr: 0.000201
Epoch [3/200], Step [1600/2503], Loss: 1.1149, read_time: 2.1530, train_time: 0.2938, lr: 0.000201
Epoch [3/200], Step [1700/2503], Loss: 1.1149, read_time: 3.2542, train_time: 0.2944, lr: 0.000201
Epoch [3/200], Step [1800/2503], Loss: 1.1151, read_time: 2.0444, train_time: 0.2953, lr: 0.000201
Epoch [3/200], Step [1900/2503], Loss: 1.1169, read_time: 1.1932, train_time: 0.2949, lr: 0.000201
Epoch [3/200], Step [2000/2503], Loss: 1.1178, read_time: 2.8429, train_time: 0.2953, lr: 0.000201
Epoch [3/200], Step [2100/2503], Loss: 1.1189, read_time: 3.3130, train_time: 0.2952, lr: 0.000201
Epoch [3/200], Step [2200/2503], Loss: 1.1195, read_time: 1.4741, train_time: 0.2935, lr: 0.000201
Epoch [3/200], Step [2300/2503], Loss: 1.1200, read_time: 2.6063, train_time: 0.2938, lr: 0.000201
Epoch [3/200], Step [2400/2503], Loss: 1.1202, read_time: 2.5898, train_time: 0.2931, lr: 0.000201
Epoch [3/200], Step [2500/2503], Loss: 1.1208, read_time: 1.5382, train_time: 0.2953, lr: 0.000201
Epoch [3/200], avg_Loss: 1.1208, avg_acc: 0.7293
ImageNet val acc is:0.6985
Epoch [4/200], Step [100/2503], Loss: 1.1074, read_time: 1.4414, train_time: 0.3020, lr: 0.000201
Epoch [4/200], Step [200/2503], Loss: 1.1007, read_time: 0.8460, train_time: 0.2942, lr: 0.000201
Epoch [4/200], Step [300/2503], Loss: 1.1042, read_time: 0.3521, train_time: 0.2951, lr: 0.000201
Epoch [4/200], Step [400/2503], Loss: 1.0988, read_time: 0.6825, train_time: 0.2955, lr: 0.000201
Epoch [4/200], Step [500/2503], Loss: 1.0965, read_time: 0.3976, train_time: 0.2960, lr: 0.000201
Epoch [4/200], Step [600/2503], Loss: 1.0999, read_time: 0.2522, train_time: 0.2955, lr: 0.000201
Epoch [4/200], Step [700/2503], Loss: 1.1054, read_time: 0.2926, train_time: 0.2956, lr: 0.000201
Epoch [4/200], Step [800/2503], Loss: 1.1069, read_time: 0.1564, train_time: 0.2942, lr: 0.000201
Epoch [4/200], Step [900/2503], Loss: 1.1105, read_time: 0.0171, train_time: 0.2937, lr: 0.000201
Epoch [4/200], Step [1000/2503], Loss: 1.1118, read_time: 0.0608, train_time: 0.2943, lr: 0.000201
Epoch [4/200], Step [1100/2503], Loss: 1.1127, read_time: 0.1434, train_time: 0.2935, lr: 0.000201
Epoch [4/200], Step [1200/2503], Loss: 1.1137, read_time: 0.0076, train_time: 0.2931, lr: 0.000201
Epoch [4/200], Step [1300/2503], Loss: 1.1147, read_time: 0.1494, train_time: 0.2939, lr: 0.000201
Epoch [4/200], Step [1400/2503], Loss: 1.1153, read_time: 0.2482, train_time: 0.2938, lr: 0.000201
Epoch [4/200], Step [1500/2503], Loss: 1.1157, read_time: 0.0091, train_time: 0.2927, lr: 0.000201
Epoch [4/200], Step [1600/2503], Loss: 1.1164, read_time: 0.1053, train_time: 0.2938, lr: 0.000201
Epoch [4/200], Step [1700/2503], Loss: 1.1170, read_time: 0.0802, train_time: 0.2933, lr: 0.000201
Epoch [4/200], Step [1800/2503], Loss: 1.1184, read_time: 0.0980, train_time: 0.2934, lr: 0.000201
Epoch [4/200], Step [1900/2503], Loss: 1.1199, read_time: 0.1121, train_time: 0.2944, lr: 0.000201
Epoch [4/200], Step [2000/2503], Loss: 1.1210, read_time: 0.4683, train_time: 0.2936, lr: 0.000201
Epoch [4/200], Step [2100/2503], Loss: 1.1206, read_time: 0.6435, train_time: 0.2959, lr: 0.000201
Epoch [4/200], Step [2200/2503], Loss: 1.1216, read_time: 0.7929, train_time: 0.2965, lr: 0.000201
Epoch [4/200], Step [2300/2503], Loss: 1.1217, read_time: 0.0814, train_time: 0.2933, lr: 0.000201
Epoch [4/200], Step [2400/2503], Loss: 1.1225, read_time: 0.6573, train_time: 0.2952, lr: 0.000201
Epoch [4/200], Step [2500/2503], Loss: 1.1223, read_time: 0.1879, train_time: 0.2939, lr: 0.000201
Epoch [4/200], avg_Loss: 1.1222, avg_acc: 0.7288
ImageNet val acc is:0.7021
Epoch [5/200], Step [100/2503], Loss: 1.0786, read_time: 1.7154, train_time: 0.3029, lr: 0.000201
Epoch [5/200], Step [200/2503], Loss: 1.0831, read_time: 0.3101, train_time: 0.2941, lr: 0.000201
Epoch [5/200], Step [300/2503], Loss: 1.0922, read_time: 0.0775, train_time: 0.2940, lr: 0.000201
Epoch [5/200], Step [400/2503], Loss: 1.0968, read_time: 0.0082, train_time: 0.2934, lr: 0.000201
Epoch [5/200], Step [500/2503], Loss: 1.0994, read_time: 0.0097, train_time: 0.2934, lr: 0.000201
Epoch [5/200], Step [600/2503], Loss: 1.1022, read_time: 0.0120, train_time: 0.2926, lr: 0.000201
Epoch [5/200], Step [700/2503], Loss: 1.1023, read_time: 0.0105, train_time: 0.2932, lr: 0.000201
Epoch [5/200], Step [800/2503], Loss: 1.1028, read_time: 0.0106, train_time: 0.2941, lr: 0.000201
Epoch [5/200], Step [900/2503], Loss: 1.1034, read_time: 0.0089, train_time: 0.2942, lr: 0.000201
Epoch [5/200], Step [1000/2503], Loss: 1.1072, read_time: 0.0082, train_time: 0.2931, lr: 0.000201
Epoch [5/200], Step [1100/2503], Loss: 1.1080, read_time: 0.0088, train_time: 0.2931, lr: 0.000201
Epoch [5/200], Step [1200/2503], Loss: 1.1095, read_time: 0.0275, train_time: 0.2936, lr: 0.000201
Epoch [5/200], Step [1300/2503], Loss: 1.1103, read_time: 0.0089, train_time: 0.2934, lr: 0.000201
Epoch [5/200], Step [1400/2503], Loss: 1.1115, read_time: 0.0100, train_time: 0.2932, lr: 0.000201
Epoch [5/200], Step [1500/2503], Loss: 1.1126, read_time: 0.0080, train_time: 0.2929, lr: 0.000201
/usr/local/lib/python3.6/dist-packages/PIL/TiffImagePlugin.py:792: UserWarning: Corrupt EXIF data.  Expecting to read 4 bytes but only got 0. 
  warnings.warn(str(msg))
Epoch [5/200], Step [1600/2503], Loss: 1.1142, read_time: 0.0087, train_time: 0.2926, lr: 0.000201
Epoch [5/200], Step [1700/2503], Loss: 1.1158, read_time: 0.0094, train_time: 0.2932, lr: 0.000201
Epoch [5/200], Step [1800/2503], Loss: 1.1170, read_time: 0.0081, train_time: 0.2929, lr: 0.000201
Epoch [5/200], Step [1900/2503], Loss: 1.1165, read_time: 0.0084, train_time: 0.2929, lr: 0.000201
Epoch [5/200], Step [2000/2503], Loss: 1.1172, read_time: 0.0092, train_time: 0.2935, lr: 0.000201
Epoch [5/200], Step [2100/2503], Loss: 1.1173, read_time: 0.0100, train_time: 0.2937, lr: 0.000201
Epoch [5/200], Step [2200/2503], Loss: 1.1182, read_time: 0.0096, train_time: 0.2929, lr: 0.000201
Epoch [5/200], Step [2300/2503], Loss: 1.1193, read_time: 0.0078, train_time: 0.2928, lr: 0.000201
Epoch [5/200], Step [2400/2503], Loss: 1.1203, read_time: 0.0079, train_time: 0.2931, lr: 0.000201
Epoch [5/200], Step [2500/2503], Loss: 1.1207, read_time: 0.0077, train_time: 0.2928, lr: 0.000201
Epoch [5/200], avg_Loss: 1.1207, avg_acc: 0.7300
ImageNet val acc is:0.6998
Epoch [6/200], Step [100/2503], Loss: 1.0923, read_time: 1.8462, train_time: 0.3078, lr: 0.000201
Epoch [6/200], Step [200/2503], Loss: 1.0849, read_time: 0.6729, train_time: 0.2969, lr: 0.000201
Epoch [6/200], Step [300/2503], Loss: 1.0885, read_time: 0.2999, train_time: 0.2957, lr: 0.000201
Epoch [6/200], Step [400/2503], Loss: 1.0849, read_time: 0.4716, train_time: 0.2973, lr: 0.000201


--------------------------------------
C++ Traceback (most recent call last):
--------------------------------------
0   float paddle::pybind::TensorGetElement<float>(paddle::framework::Tensor const&, unsigned long)
1   void paddle::memory::Copy<paddle::platform::CPUPlace, paddle::platform::CUDAPlace>(paddle::platform::CPUPlace, void*, paddle::platform::CUDAPlace, void const*, unsigned long, CUstream_st*)
2   paddle::platform::GpuMemcpySync(void*, void const*, unsigned long, cudaMemcpyKind)

----------------------
Error Message Summary:
----------------------
FatalError: `Termination signal` is detected by the operating system.
  [TimeInfo: *** Aborted at 1639180463 (unix time) try "date -d @1639180463" if you are using GNU date ***]
  [SignalInfo: *** SIGTERM (@0x16c1d) received by PID 93307 (TID 0x7f8b86011740) from PID 93213 ***]

/usr/local/lib/python3.6/dist-packages/setuptools/depends.py:2: DeprecationWarning: the imp module is deprecated in favour of importlib; see the module's documentation for alternative uses
  import imp
I1210 23:56:34.478245 158434 nccl_context.cc:74] init nccl context nranks: 2 local rank: 0 gpu id: 0 ring id: 0
W1210 23:56:35.392693 158434 device_context.cc:447] Please NOTE: device: 0, GPU Compute Capability: 7.5, Driver API Version: 11.0, Runtime API Version: 10.2
W1210 23:56:35.398026 158434 device_context.cc:465] device: 0, cuDNN Version: 7.6.
----- Imagenet2012 image train list len = 1281167
----- Imagenet2012 image val list len = 50000
Epoch [0/200], Step [100/2503], Loss: 1.1176, read_time: 1.0704, train_time: 0.2968, lr: 0.000101
Epoch [0/200], Step [200/2503], Loss: 1.1198, read_time: 1.0637, train_time: 0.2971, lr: 0.000101
Epoch [0/200], Step [300/2503], Loss: 1.1135, read_time: 0.7668, train_time: 0.3000, lr: 0.000101
Epoch [0/200], Step [400/2503], Loss: 1.1157, read_time: 0.7866, train_time: 0.2962, lr: 0.000101
Epoch [0/200], Step [500/2503], Loss: 1.1173, read_time: 0.4985, train_time: 0.2943, lr: 0.000101
Epoch [0/200], Step [600/2503], Loss: 1.1156, read_time: 0.3008, train_time: 0.2957, lr: 0.000101
Epoch [0/200], Step [700/2503], Loss: 1.1141, read_time: 0.4384, train_time: 0.2956, lr: 0.000101
Epoch [0/200], Step [800/2503], Loss: 1.1117, read_time: 0.3456, train_time: 0.2956, lr: 0.000101
Epoch [0/200], Step [900/2503], Loss: 1.1087, read_time: 0.4590, train_time: 0.2958, lr: 0.000101
Epoch [0/200], Step [1000/2503], Loss: 1.1074, read_time: 0.5288, train_time: 0.2949, lr: 0.000101
Epoch [0/200], Step [1100/2503], Loss: 1.1040, read_time: 0.8038, train_time: 0.2948, lr: 0.000101
Epoch [0/200], Step [1200/2503], Loss: 1.1025, read_time: 1.0552, train_time: 0.2951, lr: 0.000101
Epoch [0/200], Step [1300/2503], Loss: 1.1004, read_time: 0.6455, train_time: 0.2948, lr: 0.000101
Epoch [0/200], Step [1400/2503], Loss: 1.0984, read_time: 0.5871, train_time: 0.2941, lr: 0.000101
Epoch [0/200], Step [1500/2503], Loss: 1.0978, read_time: 1.0591, train_time: 0.2959, lr: 0.000101
Epoch [0/200], Step [1600/2503], Loss: 1.0976, read_time: 2.0454, train_time: 0.2966, lr: 0.000101
Epoch [0/200], Step [1700/2503], Loss: 1.0968, read_time: 1.5347, train_time: 0.2960, lr: 0.000101
Epoch [0/200], Step [1800/2503], Loss: 1.0958, read_time: 0.7643, train_time: 0.2965, lr: 0.000101
Epoch [0/200], Step [1900/2503], Loss: 1.0952, read_time: 1.2244, train_time: 0.2961, lr: 0.000101
Epoch [0/200], Step [2000/2503], Loss: 1.0945, read_time: 1.7256, train_time: 0.2969, lr: 0.000101
Epoch [0/200], Step [2100/2503], Loss: 1.0929, read_time: 2.3238, train_time: 0.2971, lr: 0.000101
Epoch [0/200], Step [2200/2503], Loss: 1.0915, read_time: 3.4538, train_time: 0.3004, lr: 0.000101
Epoch [0/200], Step [2300/2503], Loss: 1.0907, read_time: 2.7759, train_time: 0.3003, lr: 0.000101
Epoch [0/200], Step [2400/2503], Loss: 1.0899, read_time: 1.7631, train_time: 0.2991, lr: 0.000101
Epoch [0/200], Step [2500/2503], Loss: 1.0896, read_time: 1.5080, train_time: 0.2969, lr: 0.000101
Epoch [0/200], avg_Loss: 1.0897, avg_acc: 0.7374
ImageNet val acc is:0.7094
Epoch [1/200], Step [100/2503], Loss: 1.0814, read_time: 1.2009, train_time: 0.3009, lr: 0.000101
Epoch [1/200], Step [200/2503], Loss: 1.0754, read_time: 0.7783, train_time: 0.2959, lr: 0.000101
Epoch [1/200], Step [300/2503], Loss: 1.0750, read_time: 1.0723, train_time: 0.2955, lr: 0.000101
Epoch [1/200], Step [400/2503], Loss: 1.0719, read_time: 1.0893, train_time: 0.2958, lr: 0.000101
Epoch [1/200], Step [500/2503], Loss: 1.0707, read_time: 0.8450, train_time: 0.2949, lr: 0.000101
Epoch [1/200], Step [600/2503], Loss: 1.0701, read_time: 0.9654, train_time: 0.2948, lr: 0.000101
Epoch [1/200], Step [700/2503], Loss: 1.0689, read_time: 1.1872, train_time: 0.2952, lr: 0.000101
Epoch [1/200], Step [800/2503], Loss: 1.0653, read_time: 1.3660, train_time: 0.2959, lr: 0.000101
Epoch [1/200], Step [900/2503], Loss: 1.0649, read_time: 1.6189, train_time: 0.2951, lr: 0.000101
Epoch [1/200], Step [1000/2503], Loss: 1.0654, read_time: 1.4245, train_time: 0.2944, lr: 0.000101
Epoch [1/200], Step [1100/2503], Loss: 1.0662, read_time: 1.8566, train_time: 0.2953, lr: 0.000101
Epoch [1/200], Step [1200/2503], Loss: 1.0671, read_time: 1.2800, train_time: 0.2951, lr: 0.000101
Epoch [1/200], Step [1300/2503], Loss: 1.0680, read_time: 0.9153, train_time: 0.2948, lr: 0.000101
/usr/local/lib/python3.6/dist-packages/PIL/TiffImagePlugin.py:792: UserWarning: Corrupt EXIF data.  Expecting to read 4 bytes but only got 0. 
  warnings.warn(str(msg))
Epoch [1/200], Step [1400/2503], Loss: 1.0677, read_time: 0.9569, train_time: 0.2952, lr: 0.000101
Epoch [1/200], Step [1500/2503], Loss: 1.0669, read_time: 1.4119, train_time: 0.2955, lr: 0.000101
Epoch [1/200], Step [1600/2503], Loss: 1.0664, read_time: 2.9375, train_time: 0.2938, lr: 0.000101
Epoch [1/200], Step [1700/2503], Loss: 1.0655, read_time: 2.6635, train_time: 0.2933, lr: 0.000101
Epoch [1/200], Step [1800/2503], Loss: 1.0661, read_time: 2.0783, train_time: 0.2935, lr: 0.000101
Epoch [1/200], Step [1900/2503], Loss: 1.0662, read_time: 1.6567, train_time: 0.2952, lr: 0.000101
Epoch [1/200], Step [2000/2503], Loss: 1.0667, read_time: 2.0207, train_time: 0.2940, lr: 0.000101
Epoch [1/200], Step [2100/2503], Loss: 1.0669, read_time: 2.9024, train_time: 0.2935, lr: 0.000101
Epoch [1/200], Step [2200/2503], Loss: 1.0676, read_time: 3.0986, train_time: 0.2939, lr: 0.000101
Epoch [1/200], Step [2300/2503], Loss: 1.0670, read_time: 2.5983, train_time: 0.2943, lr: 0.000101
Epoch [1/200], Step [2400/2503], Loss: 1.0672, read_time: 1.9498, train_time: 0.2943, lr: 0.000101
Epoch [1/200], Step [2500/2503], Loss: 1.0682, read_time: 1.8931, train_time: 0.2951, lr: 0.000101
Epoch [1/200], avg_Loss: 1.0683, avg_acc: 0.7416
ImageNet val acc is:0.7117
Epoch [2/200], Step [100/2503], Loss: 1.0472, read_time: 1.2081, train_time: 0.3025, lr: 0.000101
Epoch [2/200], Step [200/2503], Loss: 1.0582, read_time: 0.3656, train_time: 0.2959, lr: 0.000101
Epoch [2/200], Step [300/2503], Loss: 1.0549, read_time: 0.2146, train_time: 0.2963, lr: 0.000101
Epoch [2/200], Step [400/2503], Loss: 1.0524, read_time: 0.4818, train_time: 0.2969, lr: 0.000101
Epoch [2/200], Step [500/2503], Loss: 1.0542, read_time: 0.9081, train_time: 0.2982, lr: 0.000101
Epoch [2/200], Step [600/2503], Loss: 1.0564, read_time: 1.0847, train_time: 0.2968, lr: 0.000101
Epoch [2/200], Step [700/2503], Loss: 1.0544, read_time: 1.1484, train_time: 0.2963, lr: 0.000101
Epoch [2/200], Step [800/2503], Loss: 1.0533, read_time: 1.1443, train_time: 0.2982, lr: 0.000101
Epoch [2/200], Step [900/2503], Loss: 1.0541, read_time: 1.2238, train_time: 0.2988, lr: 0.000101
Epoch [2/200], Step [1000/2503], Loss: 1.0557, read_time: 0.9026, train_time: 0.2973, lr: 0.000101
Epoch [2/200], Step [1100/2503], Loss: 1.0573, read_time: 1.0733, train_time: 0.2979, lr: 0.000101
Epoch [2/200], Step [1200/2503], Loss: 1.0570, read_time: 2.1752, train_time: 0.2968, lr: 0.000101
Epoch [2/200], Step [1300/2503], Loss: 1.0574, read_time: 1.9384, train_time: 0.2968, lr: 0.000101
Epoch [2/200], Step [1400/2503], Loss: 1.0585, read_time: 0.8154, train_time: 0.2975, lr: 0.000101
Epoch [2/200], Step [1500/2503], Loss: 1.0586, read_time: 1.2567, train_time: 0.2974, lr: 0.000101
Epoch [2/200], Step [1600/2503], Loss: 1.0583, read_time: 0.8755, train_time: 0.2977, lr: 0.000101
Epoch [2/200], Step [1700/2503], Loss: 1.0594, read_time: 1.2393, train_time: 0.2974, lr: 0.000101
Epoch [2/200], Step [1800/2503], Loss: 1.0602, read_time: 0.6094, train_time: 0.2960, lr: 0.000101
Epoch [2/200], Step [1900/2503], Loss: 1.0614, read_time: 0.5351, train_time: 0.2953, lr: 0.000101
Epoch [2/200], Step [2000/2503], Loss: 1.0615, read_time: 1.5195, train_time: 0.2973, lr: 0.000101
Epoch [2/200], Step [2100/2503], Loss: 1.0631, read_time: 1.1578, train_time: 0.2962, lr: 0.000101
Epoch [2/200], Step [2200/2503], Loss: 1.0633, read_time: 0.9544, train_time: 0.2965, lr: 0.000101
Epoch [2/200], Step [2300/2503], Loss: 1.0629, read_time: 1.0664, train_time: 0.2955, lr: 0.000101
Epoch [2/200], Step [2400/2503], Loss: 1.0630, read_time: 2.5041, train_time: 0.2958, lr: 0.000101
Epoch [2/200], Step [2500/2503], Loss: 1.0635, read_time: 2.2174, train_time: 0.2966, lr: 0.000101
Epoch [2/200], avg_Loss: 1.0636, avg_acc: 0.7435
ImageNet val acc is:0.7109
Epoch [3/200], Step [100/2503], Loss: 1.0459, read_time: 0.4979, train_time: 0.3005, lr: 0.000101
Epoch [3/200], Step [200/2503], Loss: 1.0433, read_time: 1.1972, train_time: 0.2973, lr: 0.000101
Epoch [3/200], Step [300/2503], Loss: 1.0454, read_time: 2.2253, train_time: 0.2968, lr: 0.000101
Epoch [3/200], Step [400/2503], Loss: 1.0444, read_time: 1.0292, train_time: 0.2961, lr: 0.000101
Epoch [3/200], Step [500/2503], Loss: 1.0486, read_time: 1.6636, train_time: 0.2977, lr: 0.000101
Epoch [3/200], Step [600/2503], Loss: 1.0478, read_time: 1.2199, train_time: 0.2971, lr: 0.000101
Epoch [3/200], Step [700/2503], Loss: 1.0484, read_time: 1.8614, train_time: 0.2969, lr: 0.000101
Epoch [3/200], Step [800/2503], Loss: 1.0454, read_time: 2.7652, train_time: 0.2972, lr: 0.000101
Epoch [3/200], Step [900/2503], Loss: 1.0439, read_time: 1.9350, train_time: 0.2967, lr: 0.000101
Epoch [3/200], Step [1000/2503], Loss: 1.0456, read_time: 2.5099, train_time: 0.2968, lr: 0.000101
Epoch [3/200], Step [1100/2503], Loss: 1.0455, read_time: 1.3812, train_time: 0.2964, lr: 0.000101
Epoch [3/200], Step [1200/2503], Loss: 1.0477, read_time: 1.0214, train_time: 0.2967, lr: 0.000101
Epoch [3/200], Step [1300/2503], Loss: 1.0482, read_time: 1.0192, train_time: 0.2964, lr: 0.000101
Epoch [3/200], Step [1400/2503], Loss: 1.0489, read_time: 1.5172, train_time: 0.2966, lr: 0.000101
Epoch [3/200], Step [1500/2503], Loss: 1.0479, read_time: 1.0554, train_time: 0.2962, lr: 0.000101
Epoch [3/200], Step [1600/2503], Loss: 1.0485, read_time: 1.1983, train_time: 0.2964, lr: 0.000101
Epoch [3/200], Step [1700/2503], Loss: 1.0487, read_time: 1.5710, train_time: 0.2961, lr: 0.000101
Epoch [3/200], Step [1800/2503], Loss: 1.0492, read_time: 0.8930, train_time: 0.2956, lr: 0.000101
Epoch [3/200], Step [1900/2503], Loss: 1.0500, read_time: 1.5176, train_time: 0.2962, lr: 0.000101
Epoch [3/200], Step [2000/2503], Loss: 1.0509, read_time: 2.2182, train_time: 0.2959, lr: 0.000101
Epoch [3/200], Step [2100/2503], Loss: 1.0515, read_time: 2.4127, train_time: 0.2957, lr: 0.000101
Epoch [3/200], Step [2200/2503], Loss: 1.0522, read_time: 2.4844, train_time: 0.2947, lr: 0.000101
Epoch [3/200], Step [2300/2503], Loss: 1.0517, read_time: 2.7582, train_time: 0.2941, lr: 0.000101
Epoch [3/200], Step [2400/2503], Loss: 1.0517, read_time: 1.8369, train_time: 0.2955, lr: 0.000101
Epoch [3/200], Step [2500/2503], Loss: 1.0523, read_time: 2.0692, train_time: 0.2950, lr: 0.000101
Epoch [3/200], avg_Loss: 1.0524, avg_acc: 0.7461
ImageNet val acc is:0.7102
Epoch [4/200], Step [100/2503], Loss: 1.0410, read_time: 2.1209, train_time: 0.3038, lr: 0.000101
Epoch [4/200], Step [200/2503], Loss: 1.0346, read_time: 0.9736, train_time: 0.2971, lr: 0.000101
Epoch [4/200], Step [300/2503], Loss: 1.0365, read_time: 1.0842, train_time: 0.2972, lr: 0.000101
Epoch [4/200], Step [400/2503], Loss: 1.0338, read_time: 0.7139, train_time: 0.2959, lr: 0.000101
Epoch [4/200], Step [500/2503], Loss: 1.0344, read_time: 0.8394, train_time: 0.2959, lr: 0.000101
Epoch [4/200], Step [600/2503], Loss: 1.0373, read_time: 0.9988, train_time: 0.2969, lr: 0.000101
Epoch [4/200], Step [700/2503], Loss: 1.0408, read_time: 1.1639, train_time: 0.2977, lr: 0.000101
Epoch [4/200], Step [800/2503], Loss: 1.0412, read_time: 1.0833, train_time: 0.2963, lr: 0.000101
Epoch [4/200], Step [900/2503], Loss: 1.0428, read_time: 1.5885, train_time: 0.2966, lr: 0.000101
Epoch [4/200], Step [1000/2503], Loss: 1.0449, read_time: 1.5363, train_time: 0.2964, lr: 0.000101
Epoch [4/200], Step [1100/2503], Loss: 1.0442, read_time: 2.0058, train_time: 0.2953, lr: 0.000101
Epoch [4/200], Step [1200/2503], Loss: 1.0435, read_time: 2.1469, train_time: 0.2957, lr: 0.000101
Epoch [4/200], Step [1300/2503], Loss: 1.0430, read_time: 2.0337, train_time: 0.2959, lr: 0.000101
Epoch [4/200], Step [1400/2503], Loss: 1.0430, read_time: 2.1411, train_time: 0.2946, lr: 0.000101
Epoch [4/200], Step [1500/2503], Loss: 1.0444, read_time: 1.8643, train_time: 0.2949, lr: 0.000101
Epoch [4/200], Step [1600/2503], Loss: 1.0441, read_time: 1.8909, train_time: 0.2956, lr: 0.000101
Epoch [4/200], Step [1700/2503], Loss: 1.0451, read_time: 1.4010, train_time: 0.2968, lr: 0.000101
Epoch [4/200], Step [1800/2503], Loss: 1.0459, read_time: 2.2494, train_time: 0.2977, lr: 0.000101
Epoch [4/200], Step [1900/2503], Loss: 1.0477, read_time: 2.0941, train_time: 0.2981, lr: 0.000101
Epoch [4/200], Step [2000/2503], Loss: 1.0495, read_time: 2.4058, train_time: 0.2975, lr: 0.000101
Epoch [4/200], Step [2100/2503], Loss: 1.0494, read_time: 1.9913, train_time: 0.2965, lr: 0.000101
Epoch [4/200], Step [2200/2503], Loss: 1.0510, read_time: 2.6161, train_time: 0.2962, lr: 0.000101
Epoch [4/200], Step [2300/2503], Loss: 1.0511, read_time: 2.1885, train_time: 0.2956, lr: 0.000101
Epoch [4/200], Step [2400/2503], Loss: 1.0514, read_time: 2.7496, train_time: 0.2977, lr: 0.000101
Epoch [4/200], Step [2500/2503], Loss: 1.0517, read_time: 2.5192, train_time: 0.2977, lr: 0.000101
Epoch [4/200], avg_Loss: 1.0516, avg_acc: 0.7463
ImageNet val acc is:0.7145
Epoch [5/200], Step [100/2503], Loss: 1.0206, read_time: 1.0213, train_time: 0.3026, lr: 0.000101
Epoch [5/200], Step [200/2503], Loss: 1.0228, read_time: 1.1282, train_time: 0.2976, lr: 0.000101
Epoch [5/200], Step [300/2503], Loss: 1.0281, read_time: 0.8673, train_time: 0.2984, lr: 0.000101
Epoch [5/200], Step [400/2503], Loss: 1.0312, read_time: 0.7085, train_time: 0.2985, lr: 0.000101
Epoch [5/200], Step [500/2503], Loss: 1.0330, read_time: 1.4458, train_time: 0.3000, lr: 0.000101
Epoch [5/200], Step [600/2503], Loss: 1.0320, read_time: 1.3484, train_time: 0.2981, lr: 0.000101
Epoch [5/200], Step [700/2503], Loss: 1.0346, read_time: 1.4624, train_time: 0.2971, lr: 0.000101
Epoch [5/200], Step [800/2503], Loss: 1.0377, read_time: 1.7467, train_time: 0.2966, lr: 0.000101
Epoch [5/200], Step [900/2503], Loss: 1.0354, read_time: 1.2966, train_time: 0.2967, lr: 0.000101
Epoch [5/200], Step [1000/2503], Loss: 1.0383, read_time: 1.6881, train_time: 0.2979, lr: 0.000101
Epoch [5/200], Step [1100/2503], Loss: 1.0383, read_time: 1.6400, train_time: 0.2961, lr: 0.000101
Epoch [5/200], Step [1200/2503], Loss: 1.0380, read_time: 1.2934, train_time: 0.2959, lr: 0.000101
Epoch [5/200], Step [1300/2503], Loss: 1.0397, read_time: 1.9486, train_time: 0.2957, lr: 0.000101
Epoch [5/200], Step [1400/2503], Loss: 1.0419, read_time: 2.5305, train_time: 0.2946, lr: 0.000101
Epoch [5/200], Step [1500/2503], Loss: 1.0415, read_time: 1.9607, train_time: 0.2956, lr: 0.000101
/usr/local/lib/python3.6/dist-packages/PIL/TiffImagePlugin.py:792: UserWarning: Corrupt EXIF data.  Expecting to read 4 bytes but only got 0. 
  warnings.warn(str(msg))
Epoch [5/200], Step [1600/2503], Loss: 1.0413, read_time: 1.1487, train_time: 0.2963, lr: 0.000101
Epoch [5/200], Step [1700/2503], Loss: 1.0416, read_time: 1.8602, train_time: 0.2955, lr: 0.000101
Epoch [5/200], Step [1800/2503], Loss: 1.0422, read_time: 2.1843, train_time: 0.2952, lr: 0.000101
Epoch [5/200], Step [1900/2503], Loss: 1.0422, read_time: 2.1000, train_time: 0.2954, lr: 0.000101
Epoch [5/200], Step [2000/2503], Loss: 1.0424, read_time: 1.5361, train_time: 0.2953, lr: 0.000101
Epoch [5/200], Step [2100/2503], Loss: 1.0430, read_time: 1.5341, train_time: 0.2952, lr: 0.000101
Epoch [5/200], Step [2200/2503], Loss: 1.0433, read_time: 2.1037, train_time: 0.2951, lr: 0.000101
Epoch [5/200], Step [2300/2503], Loss: 1.0447, read_time: 2.2866, train_time: 0.2947, lr: 0.000101
Epoch [5/200], Step [2400/2503], Loss: 1.0458, read_time: 1.3311, train_time: 0.2947, lr: 0.000101
Epoch [5/200], Step [2500/2503], Loss: 1.0459, read_time: 1.4789, train_time: 0.2958, lr: 0.000101
Epoch [5/200], avg_Loss: 1.0458, avg_acc: 0.7475
ImageNet val acc is:0.7097
Epoch [6/200], Step [100/2503], Loss: 1.0296, read_time: 1.6126, train_time: 0.3037, lr: 0.000101
Epoch [6/200], Step [200/2503], Loss: 1.0238, read_time: 1.0288, train_time: 0.2965, lr: 0.000101
Epoch [6/200], Step [300/2503], Loss: 1.0291, read_time: 1.2798, train_time: 0.2980, lr: 0.000101
Epoch [6/200], Step [400/2503], Loss: 1.0251, read_time: 1.1767, train_time: 0.2963, lr: 0.000101
Epoch [6/200], Step [500/2503], Loss: 1.0257, read_time: 1.1516, train_time: 0.2981, lr: 0.000101
Epoch [6/200], Step [600/2503], Loss: 1.0270, read_time: 0.6095, train_time: 0.2968, lr: 0.000101
Epoch [6/200], Step [700/2503], Loss: 1.0290, read_time: 0.9394, train_time: 0.2993, lr: 0.000101
Epoch [6/200], Step [800/2503], Loss: 1.0305, read_time: 1.8603, train_time: 0.3007, lr: 0.000101
Epoch [6/200], Step [900/2503], Loss: 1.0303, read_time: 1.6588, train_time: 0.2997, lr: 0.000101
Epoch [6/200], Step [1000/2503], Loss: 1.0327, read_time: 1.7282, train_time: 0.2996, lr: 0.000101
Epoch [6/200], Step [1100/2503], Loss: 1.0335, read_time: 2.2811, train_time: 0.2999, lr: 0.000101
Epoch [6/200], Step [1200/2503], Loss: 1.0331, read_time: 2.3737, train_time: 0.2987, lr: 0.000101
Epoch [6/200], Step [1300/2503], Loss: 1.0344, read_time: 1.4440, train_time: 0.2979, lr: 0.000101
Epoch [6/200], Step [1400/2503], Loss: 1.0340, read_time: 1.4496, train_time: 0.2975, lr: 0.000101
Epoch [6/200], Step [1500/2503], Loss: 1.0346, read_time: 1.6969, train_time: 0.2983, lr: 0.000101
Epoch [6/200], Step [1600/2503], Loss: 1.0344, read_time: 1.6987, train_time: 0.2980, lr: 0.000101
Epoch [6/200], Step [1700/2503], Loss: 1.0352, read_time: 2.4170, train_time: 0.3005, lr: 0.000101
Epoch [6/200], Step [1800/2503], Loss: 1.0353, read_time: 2.0633, train_time: 0.2999, lr: 0.000101
Epoch [6/200], Step [1900/2503], Loss: 1.0354, read_time: 2.5896, train_time: 0.2999, lr: 0.000101
Epoch [6/200], Step [2000/2503], Loss: 1.0361, read_time: 2.6370, train_time: 0.2999, lr: 0.000101
Epoch [6/200], Step [2100/2503], Loss: 1.0361, read_time: 2.7774, train_time: 0.2990, lr: 0.000101
Epoch [6/200], Step [2200/2503], Loss: 1.0356, read_time: 2.4750, train_time: 0.2996, lr: 0.000101
Epoch [6/200], Step [2300/2503], Loss: 1.0364, read_time: 2.2222, train_time: 0.2983, lr: 0.000101
Epoch [6/200], Step [2400/2503], Loss: 1.0383, read_time: 1.9552, train_time: 0.2972, lr: 0.000101
Epoch [6/200], Step [2500/2503], Loss: 1.0391, read_time: 1.7165, train_time: 0.2972, lr: 0.000101
Epoch [6/200], avg_Loss: 1.0390, avg_acc: 0.7479
ImageNet val acc is:0.7099
Epoch [7/200], Step [100/2503], Loss: 1.0159, read_time: 1.0506, train_time: 0.3025, lr: 0.000101
Epoch [7/200], Step [200/2503], Loss: 1.0182, read_time: 0.4617, train_time: 0.2952, lr: 0.000101
Epoch [7/200], Step [300/2503], Loss: 1.0212, read_time: 0.3156, train_time: 0.2956, lr: 0.000101
Epoch [7/200], Step [400/2503], Loss: 1.0223, read_time: 0.4824, train_time: 0.2962, lr: 0.000101
Epoch [7/200], Step [500/2503], Loss: 1.0219, read_time: 0.4276, train_time: 0.2971, lr: 0.000101
Epoch [7/200], Step [600/2503], Loss: 1.0215, read_time: 0.4817, train_time: 0.2978, lr: 0.000101
Epoch [7/200], Step [700/2503], Loss: 1.0239, read_time: 0.4968, train_time: 0.2981, lr: 0.000101
Epoch [7/200], Step [800/2503], Loss: 1.0261, read_time: 1.6691, train_time: 0.2992, lr: 0.000101
Epoch [7/200], Step [900/2503], Loss: 1.0257, read_time: 1.6373, train_time: 0.2987, lr: 0.000101
Epoch [7/200], Step [1000/2503], Loss: 1.0261, read_time: 1.0422, train_time: 0.2970, lr: 0.000101
Epoch [7/200], Step [1100/2503], Loss: 1.0269, read_time: 0.9355, train_time: 0.2980, lr: 0.000101
Epoch [7/200], Step [1200/2503], Loss: 1.0264, read_time: 1.5762, train_time: 0.2985, lr: 0.000101
Epoch [7/200], Step [1300/2503], Loss: 1.0280, read_time: 2.2542, train_time: 0.2983, lr: 0.000101
Epoch [7/200], Step [1400/2503], Loss: 1.0304, read_time: 1.6705, train_time: 0.2951, lr: 0.000101
Epoch [7/200], Step [1500/2503], Loss: 1.0314, read_time: 1.3842, train_time: 0.2950, lr: 0.000101
Epoch [7/200], Step [1600/2503], Loss: 1.0310, read_time: 1.3566, train_time: 0.2949, lr: 0.000101
Epoch [7/200], Step [1700/2503], Loss: 1.0317, read_time: 1.7754, train_time: 0.2944, lr: 0.000101
Epoch [7/200], Step [1800/2503], Loss: 1.0328, read_time: 2.5024, train_time: 0.2950, lr: 0.000101
Epoch [7/200], Step [1900/2503], Loss: 1.0334, read_time: 1.6522, train_time: 0.2946, lr: 0.000101
Epoch [7/200], Step [2000/2503], Loss: 1.0337, read_time: 1.3074, train_time: 0.2954, lr: 0.000101
Epoch [7/200], Step [2100/2503], Loss: 1.0337, read_time: 1.2462, train_time: 0.2957, lr: 0.000101
Epoch [7/200], Step [2200/2503], Loss: 1.0332, read_time: 1.6269, train_time: 0.2954, lr: 0.000101
Epoch [7/200], Step [2300/2503], Loss: 1.0340, read_time: 1.7586, train_time: 0.2956, lr: 0.000101
Epoch [7/200], Step [2400/2503], Loss: 1.0345, read_time: 0.9998, train_time: 0.2952, lr: 0.000101
Epoch [7/200], Step [2500/2503], Loss: 1.0357, read_time: 1.1596, train_time: 0.2964, lr: 0.000101
Epoch [7/200], avg_Loss: 1.0358, avg_acc: 0.7495
ImageNet val acc is:0.7089
Epoch [8/200], Step [100/2503], Loss: 1.0053, read_time: 0.9381, train_time: 0.3020, lr: 0.000101
Epoch [8/200], Step [200/2503], Loss: 1.0058, read_time: 0.5178, train_time: 0.2964, lr: 0.000101
Epoch [8/200], Step [300/2503], Loss: 1.0056, read_time: 0.7616, train_time: 0.2962, lr: 0.000101
Epoch [8/200], Step [400/2503], Loss: 1.0073, read_time: 0.7698, train_time: 0.2965, lr: 0.000101
Epoch [8/200], Step [500/2503], Loss: 1.0084, read_time: 0.9514, train_time: 0.2961, lr: 0.000101
Epoch [8/200], Step [600/2503], Loss: 1.0138, read_time: 0.9171, train_time: 0.2953, lr: 0.000101
Epoch [8/200], Step [700/2503], Loss: 1.0141, read_time: 0.8178, train_time: 0.2961, lr: 0.000101
Epoch [8/200], Step [800/2503], Loss: 1.0164, read_time: 0.5489, train_time: 0.2957, lr: 0.000101
Epoch [8/200], Step [900/2503], Loss: 1.0172, read_time: 0.9097, train_time: 0.2964, lr: 0.000101
Epoch [8/200], Step [1000/2503], Loss: 1.0207, read_time: 1.4854, train_time: 0.2977, lr: 0.000101
Epoch [8/200], Step [1100/2503], Loss: 1.0216, read_time: 0.8318, train_time: 0.2951, lr: 0.000101
Epoch [8/200], Step [1200/2503], Loss: 1.0211, read_time: 1.2818, train_time: 0.2966, lr: 0.000101



/usr/local/lib/python3.6/dist-packages/setuptools/depends.py:2: DeprecationWarning: the imp module is deprecated in favour of importlib; see the module's documentation for alternative uses
  import imp
server not ready, wait 3 sec to retry...
not ready endpoints:['127.0.0.1:47583']
I1211 12:43:21.988584 62712 nccl_context.cc:74] init nccl context nranks: 2 local rank: 0 gpu id: 0 ring id: 0
W1211 12:43:22.946369 62712 device_context.cc:447] Please NOTE: device: 0, GPU Compute Capability: 7.5, Driver API Version: 11.0, Runtime API Version: 10.2
W1211 12:43:22.950935 62712 device_context.cc:465] device: 0, cuDNN Version: 7.6.
----- Imagenet2012 image train list len = 1281167
----- Imagenet2012 image val list len = 50000
Epoch [0/200], Step [100/2503], Loss: 1.0727, read_time: 0.8488, train_time: 0.2970, lr: 0.000075
Epoch [0/200], Step [200/2503], Loss: 1.0753, read_time: 0.5483, train_time: 0.2961, lr: 0.000075
Epoch [0/200], Step [300/2503], Loss: 1.0727, read_time: 0.5090, train_time: 0.2985, lr: 0.000075
Epoch [0/200], Step [400/2503], Loss: 1.0725, read_time: 0.8113, train_time: 0.2968, lr: 0.000075
Epoch [0/200], Step [500/2503], Loss: 1.0729, read_time: 1.5079, train_time: 0.2970, lr: 0.000075
Epoch [0/200], Step [600/2503], Loss: 1.0735, read_time: 1.6457, train_time: 0.2949, lr: 0.000075
Epoch [0/200], Step [700/2503], Loss: 1.0761, read_time: 0.7540, train_time: 0.2956, lr: 0.000075
Epoch [0/200], Step [800/2503], Loss: 1.0771, read_time: 1.3329, train_time: 0.2959, lr: 0.000075
Epoch [0/200], Step [900/2503], Loss: 1.0749, read_time: 0.9889, train_time: 0.2965, lr: 0.000075
Epoch [0/200], Step [1000/2503], Loss: 1.0755, read_time: 1.2007, train_time: 0.2959, lr: 0.000075
Epoch [0/200], Step [1100/2503], Loss: 1.0741, read_time: 0.7941, train_time: 0.2954, lr: 0.000075
Epoch [0/200], Step [1200/2503], Loss: 1.0717, read_time: 0.8830, train_time: 0.2962, lr: 0.000075
Epoch [0/200], Step [1300/2503], Loss: 1.0702, read_time: 2.1185, train_time: 0.2970, lr: 0.000075
Epoch [0/200], Step [1400/2503], Loss: 1.0683, read_time: 0.8683, train_time: 0.2968, lr: 0.000075
Epoch [0/200], Step [1500/2503], Loss: 1.0672, read_time: 1.8572, train_time: 0.2975, lr: 0.000075
Epoch [0/200], Step [1600/2503], Loss: 1.0665, read_time: 1.2500, train_time: 0.2966, lr: 0.000075
Epoch [0/200], Step [1700/2503], Loss: 1.0655, read_time: 1.8120, train_time: 0.2957, lr: 0.000075
Epoch [0/200], Step [1800/2503], Loss: 1.0648, read_time: 1.1198, train_time: 0.2947, lr: 0.000075
Epoch [0/200], Step [1900/2503], Loss: 1.0641, read_time: 2.4053, train_time: 0.2941, lr: 0.000075
Epoch [0/200], Step [2000/2503], Loss: 1.0636, read_time: 1.8149, train_time: 0.2946, lr: 0.000075
Epoch [0/200], Step [2100/2503], Loss: 1.0619, read_time: 1.7091, train_time: 0.2952, lr: 0.000075
Epoch [0/200], Step [2200/2503], Loss: 1.0605, read_time: 1.9477, train_time: 0.2966, lr: 0.000075
Epoch [0/200], Step [2300/2503], Loss: 1.0589, read_time: 2.6186, train_time: 0.2967, lr: 0.000075
Epoch [0/200], Step [2400/2503], Loss: 1.0580, read_time: 3.3154, train_time: 0.2959, lr: 0.000075
Epoch [0/200], Step [2500/2503], Loss: 1.0579, read_time: 2.5722, train_time: 0.2983, lr: 0.000075
Epoch [0/200], avg_Loss: 1.0578, avg_acc: 0.7447
model saved!

ImageNet val acc is:0.7133
avg_acc: 0.7133 model saved!
lr update-1!
Epoch [1/200], Step [100/2503], Loss: 1.0430, read_time: 2.4413, train_time: 0.3014, lr: 0.000050
Epoch [1/200], Step [200/2503], Loss: 1.0366, read_time: 0.9462, train_time: 0.2957, lr: 0.000050
Epoch [1/200], Step [300/2503], Loss: 1.0368, read_time: 0.8223, train_time: 0.2943, lr: 0.000050
Epoch [1/200], Step [400/2503], Loss: 1.0389, read_time: 0.6025, train_time: 0.2959, lr: 0.000050
Epoch [1/200], Step [500/2503], Loss: 1.0420, read_time: 1.3958, train_time: 0.2971, lr: 0.000050
Epoch [1/200], Step [600/2503], Loss: 1.0414, read_time: 0.9118, train_time: 0.2948, lr: 0.000050
Epoch [1/200], Step [700/2503], Loss: 1.0408, read_time: 1.3252, train_time: 0.2964, lr: 0.000050
Epoch [1/200], Step [800/2503], Loss: 1.0356, read_time: 1.4027, train_time: 0.2966, lr: 0.000050
Epoch [1/200], Step [900/2503], Loss: 1.0341, read_time: 2.2620, train_time: 0.2985, lr: 0.000050
Epoch [1/200], Step [1000/2503], Loss: 1.0329, read_time: 1.8832, train_time: 0.2986, lr: 0.000050
Epoch [1/200], Step [1100/2503], Loss: 1.0344, read_time: 1.4617, train_time: 0.2973, lr: 0.000050
Epoch [1/200], Step [1200/2503], Loss: 1.0347, read_time: 0.8620, train_time: 0.2962, lr: 0.000050
Epoch [1/200], Step [1300/2503], Loss: 1.0355, read_time: 2.0495, train_time: 0.2988, lr: 0.000050
/usr/local/lib/python3.6/dist-packages/PIL/TiffImagePlugin.py:792: UserWarning: Corrupt EXIF data.  Expecting to read 4 bytes but only got 0. 
  warnings.warn(str(msg))
Epoch [1/200], Step [1400/2503], Loss: 1.0355, read_time: 3.1536, train_time: 0.2989, lr: 0.000050
Epoch [1/200], Step [1500/2503], Loss: 1.0349, read_time: 2.7403, train_time: 0.2997, lr: 0.000050
Epoch [1/200], Step [1600/2503], Loss: 1.0356, read_time: 2.4705, train_time: 0.2996, lr: 0.000050
Epoch [1/200], Step [1700/2503], Loss: 1.0355, read_time: 2.1870, train_time: 0.3005, lr: 0.000050
Epoch [1/200], Step [1800/2503], Loss: 1.0345, read_time: 1.4770, train_time: 0.2993, lr: 0.000050
Epoch [1/200], Step [1900/2503], Loss: 1.0351, read_time: 2.4581, train_time: 0.2977, lr: 0.000050
Epoch [1/200], Step [2000/2503], Loss: 1.0353, read_time: 2.1266, train_time: 0.2978, lr: 0.000050
Epoch [1/200], Step [2100/2503], Loss: 1.0354, read_time: 2.7947, train_time: 0.2995, lr: 0.000050
Epoch [1/200], Step [2200/2503], Loss: 1.0355, read_time: 2.2797, train_time: 0.2983, lr: 0.000050
Epoch [1/200], Step [2300/2503], Loss: 1.0350, read_time: 1.5577, train_time: 0.2981, lr: 0.000050
Epoch [1/200], Step [2400/2503], Loss: 1.0344, read_time: 1.0322, train_time: 0.2987, lr: 0.000050
Epoch [1/200], Step [2500/2503], Loss: 1.0345, read_time: 1.6908, train_time: 0.2994, lr: 0.000050
Epoch [1/200], avg_Loss: 1.0344, avg_acc: 0.7502
ImageNet val acc is:0.7142
avg_acc: 0.7142 model saved!
lr update-2!
Epoch [2/200], Step [100/2503], Loss: 1.0204, read_time: 1.1370, train_time: 0.3025, lr: 0.000075
Epoch [2/200], Step [200/2503], Loss: 1.0224, read_time: 0.6923, train_time: 0.2967, lr: 0.000075
Epoch [2/200], Step [300/2503], Loss: 1.0261, read_time: 1.3109, train_time: 0.2980, lr: 0.000075
Epoch [2/200], Step [400/2503], Loss: 1.0297, read_time: 1.4138, train_time: 0.2967, lr: 0.000075
Epoch [2/200], Step [500/2503], Loss: 1.0330, read_time: 0.9817, train_time: 0.2966, lr: 0.000075
Epoch [2/200], Step [600/2503], Loss: 1.0368, read_time: 0.5180, train_time: 0.2961, lr: 0.000075
Epoch [2/200], Step [700/2503], Loss: 1.0355, read_time: 0.6876, train_time: 0.2950, lr: 0.000075
Epoch [2/200], Step [800/2503], Loss: 1.0330, read_time: 1.6261, train_time: 0.2965, lr: 0.000075
Epoch [2/200], Step [900/2503], Loss: 1.0353, read_time: 1.7445, train_time: 0.2966, lr: 0.000075
Epoch [2/200], Step [1000/2503], Loss: 1.0350, read_time: 1.4970, train_time: 0.2966, lr: 0.000075
Epoch [2/200], Step [1100/2503], Loss: 1.0365, read_time: 1.3336, train_time: 0.2954, lr: 0.000075
Epoch [2/200], Step [1200/2503], Loss: 1.0375, read_time: 0.9138, train_time: 0.2950, lr: 0.000075
Epoch [2/200], Step [1300/2503], Loss: 1.0366, read_time: 1.9497, train_time: 0.2960, lr: 0.000075
Epoch [2/200], Step [1400/2503], Loss: 1.0382, read_time: 2.7472, train_time: 0.2954, lr: 0.000075
Epoch [2/200], Step [1500/2503], Loss: 1.0384, read_time: 1.2843, train_time: 0.2952, lr: 0.000075
Epoch [2/200], Step [1600/2503], Loss: 1.0394, read_time: 1.9986, train_time: 0.2962, lr: 0.000075
Epoch [2/200], Step [1700/2503], Loss: 1.0392, read_time: 1.5791, train_time: 0.2942, lr: 0.000075
Epoch [2/200], Step [1800/2503], Loss: 1.0394, read_time: 1.3608, train_time: 0.2952, lr: 0.000075
Epoch [2/200], Step [1900/2503], Loss: 1.0394, read_time: 2.2165, train_time: 0.2961, lr: 0.000075
Epoch [2/200], Step [2000/2503], Loss: 1.0399, read_time: 1.6126, train_time: 0.2967, lr: 0.000075
Epoch [2/200], Step [2100/2503], Loss: 1.0410, read_time: 3.2255, train_time: 0.2995, lr: 0.000075
Epoch [2/200], Step [2200/2503], Loss: 1.0412, read_time: 1.4726, train_time: 0.2975, lr: 0.000075
Epoch [2/200], Step [2300/2503], Loss: 1.0419, read_time: 3.0561, train_time: 0.2986, lr: 0.000075
Epoch [2/200], Step [2400/2503], Loss: 1.0425, read_time: 2.1107, train_time: 0.2969, lr: 0.000075
Epoch [2/200], Step [2500/2503], Loss: 1.0430, read_time: 3.0184, train_time: 0.2965, lr: 0.000075
Epoch [2/200], avg_Loss: 1.0430, avg_acc: 0.7484
ImageNet val acc is:0.7126
Epoch [3/200], Step [100/2503], Loss: 1.0229, read_time: 2.0022, train_time: 0.3027, lr: 0.000075
Epoch [3/200], Step [200/2503], Loss: 1.0244, read_time: 1.5381, train_time: 0.2943, lr: 0.000075
Epoch [3/200], Step [300/2503], Loss: 1.0340, read_time: 0.6932, train_time: 0.2948, lr: 0.000075
Epoch [3/200], Step [400/2503], Loss: 1.0344, read_time: 1.0196, train_time: 0.2968, lr: 0.000075
Epoch [3/200], Step [500/2503], Loss: 1.0359, read_time: 0.9541, train_time: 0.2955, lr: 0.000075
Epoch [3/200], Step [600/2503], Loss: 1.0325, read_time: 0.6946, train_time: 0.2959, lr: 0.000075
Epoch [3/200], Step [700/2503], Loss: 1.0309, read_time: 1.3964, train_time: 0.2963, lr: 0.000075
Epoch [3/200], Step [800/2503], Loss: 1.0295, read_time: 2.7215, train_time: 0.2944, lr: 0.000075
Epoch [3/200], Step [900/2503], Loss: 1.0284, read_time: 1.4955, train_time: 0.2939, lr: 0.000075
Epoch [3/200], Step [1000/2503], Loss: 1.0289, read_time: 1.9252, train_time: 0.2950, lr: 0.000075
Epoch [3/200], Step [1100/2503], Loss: 1.0295, read_time: 1.5889, train_time: 0.2955, lr: 0.000075
Epoch [3/200], Step [1200/2503], Loss: 1.0303, read_time: 1.5612, train_time: 0.2974, lr: 0.000075
Epoch [3/200], Step [1300/2503], Loss: 1.0293, read_time: 2.8657, train_time: 0.2970, lr: 0.000075
Epoch [3/200], Step [1400/2503], Loss: 1.0315, read_time: 2.5148, train_time: 0.2950, lr: 0.000075
Epoch [3/200], Step [1500/2503], Loss: 1.0317, read_time: 2.2850, train_time: 0.2949, lr: 0.000075
Epoch [3/200], Step [1600/2503], Loss: 1.0320, read_time: 0.9912, train_time: 0.2946, lr: 0.000075
Epoch [3/200], Step [1700/2503], Loss: 1.0320, read_time: 2.7374, train_time: 0.2942, lr: 0.000075
Epoch [3/200], Step [1800/2503], Loss: 1.0314, read_time: 1.6912, train_time: 0.2941, lr: 0.000075
Epoch [3/200], Step [1900/2503], Loss: 1.0312, read_time: 2.0113, train_time: 0.2941, lr: 0.000075
Epoch [3/200], Step [2000/2503], Loss: 1.0313, read_time: 1.9308, train_time: 0.2943, lr: 0.000075
Epoch [3/200], Step [2100/2503], Loss: 1.0322, read_time: 3.0873, train_time: 0.2946, lr: 0.000075
Epoch [3/200], Step [2200/2503], Loss: 1.0324, read_time: 1.8364, train_time: 0.2940, lr: 0.000075
Epoch [3/200], Step [2300/2503], Loss: 1.0329, read_time: 1.0777, train_time: 0.2945, lr: 0.000075
Epoch [3/200], Step [2400/2503], Loss: 1.0321, read_time: 1.2715, train_time: 0.2954, lr: 0.000075
Epoch [3/200], Step [2500/2503], Loss: 1.0324, read_time: 1.7799, train_time: 0.2960, lr: 0.000075
Epoch [3/200], avg_Loss: 1.0323, avg_acc: 0.7512
ImageNet val acc is:0.7117
Epoch [4/200], Step [100/2503], Loss: 1.0111, read_time: 0.4392, train_time: 0.3014, lr: 0.000075
Epoch [4/200], Step [200/2503], Loss: 1.0140, read_time: 0.3505, train_time: 0.2954, lr: 0.000075
Epoch [4/200], Step [300/2503], Loss: 1.0214, read_time: 0.6607, train_time: 0.2954, lr: 0.000075
Epoch [4/200], Step [400/2503], Loss: 1.0170, read_time: 1.1750, train_time: 0.2953, lr: 0.000075
Epoch [4/200], Step [500/2503], Loss: 1.0172, read_time: 1.3040, train_time: 0.2956, lr: 0.000075
Epoch [4/200], Step [600/2503], Loss: 1.0151, read_time: 1.3144, train_time: 0.2958, lr: 0.000075
Epoch [4/200], Step [700/2503], Loss: 1.0190, read_time: 0.6165, train_time: 0.2948, lr: 0.000075
Epoch [4/200], Step [800/2503], Loss: 1.0182, read_time: 0.8150, train_time: 0.2959, lr: 0.000075
Epoch [4/200], Step [900/2503], Loss: 1.0194, read_time: 0.7250, train_time: 0.2956, lr: 0.000075
Epoch [4/200], Step [1000/2503], Loss: 1.0223, read_time: 1.2319, train_time: 0.2959, lr: 0.000075
Epoch [4/200], Step [1100/2503], Loss: 1.0239, read_time: 0.8703, train_time: 0.2953, lr: 0.000075
Epoch [4/200], Step [1200/2503], Loss: 1.0228, read_time: 0.3341, train_time: 0.2947, lr: 0.000075
Epoch [4/200], Step [1300/2503], Loss: 1.0231, read_time: 0.6930, train_time: 0.2953, lr: 0.000075
Epoch [4/200], Step [1400/2503], Loss: 1.0240, read_time: 0.8158, train_time: 0.2945, lr: 0.000075
Epoch [4/200], Step [1500/2503], Loss: 1.0246, read_time: 1.5920, train_time: 0.2969, lr: 0.000075
Epoch [4/200], Step [1600/2503], Loss: 1.0236, read_time: 2.5855, train_time: 0.2968, lr: 0.000075
Epoch [4/200], Step [1700/2503], Loss: 1.0235, read_time: 1.9710, train_time: 0.2962, lr: 0.000075
Epoch [4/200], Step [1800/2503], Loss: 1.0239, read_time: 2.1294, train_time: 0.2972, lr: 0.000075
Epoch [4/200], Step [1900/2503], Loss: 1.0253, read_time: 1.8551, train_time: 0.2973, lr: 0.000075
Epoch [4/200], Step [2000/2503], Loss: 1.0264, read_time: 2.0107, train_time: 0.2984, lr: 0.000075
Epoch [4/200], Step [2100/2503], Loss: 1.0272, read_time: 3.1478, train_time: 0.2978, lr: 0.000075
Epoch [4/200], Step [2200/2503], Loss: 1.0278, read_time: 1.8250, train_time: 0.2973, lr: 0.000075
Epoch [4/200], Step [2300/2503], Loss: 1.0287, read_time: 2.0620, train_time: 0.2966, lr: 0.000075
Epoch [4/200], Step [2400/2503], Loss: 1.0291, read_time: 1.1374, train_time: 0.2957, lr: 0.000075
Epoch [4/200], Step [2500/2503], Loss: 1.0294, read_time: 0.7983, train_time: 0.2963, lr: 0.000075
Epoch [4/200], avg_Loss: 1.0295, avg_acc: 0.7505
ImageNet val acc is:0.7139
Epoch [5/200], Step [100/2503], Loss: 1.0193, read_time: 0.7639, train_time: 0.3019, lr: 0.000075
Epoch [5/200], Step [200/2503], Loss: 1.0228, read_time: 0.4554, train_time: 0.2968, lr: 0.000075
Epoch [5/200], Step [300/2503], Loss: 1.0247, read_time: 0.5315, train_time: 0.2962, lr: 0.000075
Epoch [5/200], Step [400/2503], Loss: 1.0232, read_time: 1.6842, train_time: 0.2965, lr: 0.000075
Epoch [5/200], Step [500/2503], Loss: 1.0239, read_time: 2.4849, train_time: 0.2962, lr: 0.000075
Epoch [5/200], Step [600/2503], Loss: 1.0259, read_time: 2.2018, train_time: 0.2958, lr: 0.000075
Epoch [5/200], Step [700/2503], Loss: 1.0256, read_time: 0.7728, train_time: 0.2945, lr: 0.000075
Epoch [5/200], Step [800/2503], Loss: 1.0257, read_time: 0.4748, train_time: 0.2956, lr: 0.000075
Epoch [5/200], Step [900/2503], Loss: 1.0252, read_time: 1.1346, train_time: 0.2964, lr: 0.000075
Epoch [5/200], Step [1000/2503], Loss: 1.0262, read_time: 0.3865, train_time: 0.2937, lr: 0.000075
Epoch [5/200], Step [1100/2503], Loss: 1.0251, read_time: 0.0747, train_time: 0.2946, lr: 0.000075
Epoch [5/200], Step [1200/2503], Loss: 1.0255, read_time: 0.0396, train_time: 0.2944, lr: 0.000075
Epoch [5/200], Step [1300/2503], Loss: 1.0254, read_time: 0.2002, train_time: 0.2949, lr: 0.000075
Epoch [5/200], Step [1400/2503], Loss: 1.0267, read_time: 0.2227, train_time: 0.2957, lr: 0.000075
Epoch [5/200], Step [1500/2503], Loss: 1.0280, read_time: 0.0892, train_time: 0.2947, lr: 0.000075
/usr/local/lib/python3.6/dist-packages/PIL/TiffImagePlugin.py:792: UserWarning: Corrupt EXIF data.  Expecting to read 4 bytes but only got 0. 
  warnings.warn(str(msg))
Epoch [5/200], Step [1600/2503], Loss: 1.0283, read_time: 0.0122, train_time: 0.2943, lr: 0.000075
Epoch [5/200], Step [1700/2503], Loss: 1.0276, read_time: 0.0064, train_time: 0.2936, lr: 0.000075
Epoch [5/200], Step [1800/2503], Loss: 1.0276, read_time: 0.0188, train_time: 0.2937, lr: 0.000075
Epoch [5/200], Step [1900/2503], Loss: 1.0278, read_time: 0.0151, train_time: 0.2938, lr: 0.000075
Epoch [5/200], Step [2000/2503], Loss: 1.0278, read_time: 0.0078, train_time: 0.2933, lr: 0.000075
Epoch [5/200], Step [2100/2503], Loss: 1.0277, read_time: 0.0063, train_time: 0.2933, lr: 0.000075
Epoch [5/200], Step [2200/2503], Loss: 1.0283, read_time: 0.0093, train_time: 0.2937, lr: 0.000075
Epoch [5/200], Step [2300/2503], Loss: 1.0295, read_time: 0.0591, train_time: 0.2940, lr: 0.000075
Epoch [5/200], Step [2400/2503], Loss: 1.0302, read_time: 0.1054, train_time: 0.2951, lr: 0.000075
Epoch [5/200], Step [2500/2503], Loss: 1.0302, read_time: 0.0568, train_time: 0.2947, lr: 0.000075
Epoch [5/200], avg_Loss: 1.0301, avg_acc: 0.7509
ImageNet val acc is:0.7123
Epoch [6/200], Step [100/2503], Loss: 1.0189, read_time: 2.0149, train_time: 0.3043, lr: 0.000075
Epoch [6/200], Step [200/2503], Loss: 1.0141, read_time: 1.1582, train_time: 0.2956, lr: 0.000075
Epoch [6/200], Step [300/2503], Loss: 1.0131, read_time: 0.3169, train_time: 0.2952, lr: 0.000075
Epoch [6/200], Step [400/2503], Loss: 1.0105, read_time: 0.7109, train_time: 0.2953, lr: 0.000075
Epoch [6/200], Step [500/2503], Loss: 1.0140, read_time: 0.4365, train_time: 0.2946, lr: 0.000075
Epoch [6/200], Step [600/2503], Loss: 1.0123, read_time: 0.8162, train_time: 0.2954, lr: 0.000075
Epoch [6/200], Step [700/2503], Loss: 1.0160, read_time: 0.3722, train_time: 0.2956, lr: 0.000075
Epoch [6/200], Step [800/2503], Loss: 1.0141, read_time: 0.1144, train_time: 0.2948, lr: 0.000075
Epoch [6/200], Step [900/2503], Loss: 1.0143, read_time: 0.0088, train_time: 0.2940, lr: 0.000075
Epoch [6/200], Step [1000/2503], Loss: 1.0137, read_time: 0.0072, train_time: 0.2941, lr: 0.000075
Epoch [6/200], Step [1100/2503], Loss: 1.0149, read_time: 0.0416, train_time: 0.2936, lr: 0.000075
Epoch [6/200], Step [1200/2503], Loss: 1.0148, read_time: 0.1749, train_time: 0.2954, lr: 0.000075
Epoch [6/200], Step [1300/2503], Loss: 1.0168, read_time: 0.1556, train_time: 0.2949, lr: 0.000075
Epoch [6/200], Step [1400/2503], Loss: 1.0185, read_time: 0.1834, train_time: 0.2951, lr: 0.000075
Epoch [6/200], Step [1500/2503], Loss: 1.0190, read_time: 0.0599, train_time: 0.2952, lr: 0.000075
Epoch [6/200], Step [1600/2503], Loss: 1.0209, read_time: 0.0899, train_time: 0.2949, lr: 0.000075
Epoch [6/200], Step [1700/2503], Loss: 1.0212, read_time: 0.0276, train_time: 0.2950, lr: 0.000075
Epoch [6/200], Step [1800/2503], Loss: 1.0222, read_time: 0.0089, train_time: 0.2937, lr: 0.000075
Epoch [6/200], Step [1900/2503], Loss: 1.0216, read_time: 0.0950, train_time: 0.2951, lr: 0.000075
Epoch [6/200], Step [2000/2503], Loss: 1.0217, read_time: 0.0903, train_time: 0.2940, lr: 0.000075
Epoch [6/200], Step [2100/2503], Loss: 1.0213, read_time: 0.0624, train_time: 0.2950, lr: 0.000075
Epoch [6/200], Step [2200/2503], Loss: 1.0220, read_time: 0.4094, train_time: 0.2953, lr: 0.000075
Epoch [6/200], Step [2300/2503], Loss: 1.0231, read_time: 0.4093, train_time: 0.2952, lr: 0.000075
Epoch [6/200], Step [2400/2503], Loss: 1.0235, read_time: 0.5157, train_time: 0.2961, lr: 0.000075
Epoch [6/200], Step [2500/2503], Loss: 1.0240, read_time: 0.5457, train_time: 0.2961, lr: 0.000075
Epoch [6/200], avg_Loss: 1.0239, avg_acc: 0.7520
ImageNet val acc is:0.7158
avg_acc: 0.7158 model saved!
model saved!